<?xml version="1.0" encoding="UTF-8"?>
<robot generator="Robot 7.2 (Python 3.12.0 on win32)" generated="2025-01-29T16:02:07.500615" rpa="false" schemaversion="5">
<suite id="s1" name="Tests" source="C:\workspace\curso-robot-framework-basico-may\web_testing\tests">
<suite id="s1-s1" name="Amazon Testes Gherkin" source="C:\workspace\curso-robot-framework-basico-may\web_testing\tests\amazon_testes_gherkin.robot">
<test id="s1-s1-t1" name="Caso de Teste 01 - Acesso ao menu &quot;Livros&quot;" line="11">
<kw name="Abrir o navegador" owner="kws_amazon" type="SETUP">
<kw name="Open Browser" owner="SeleniumLibrary">
<msg time="2025-01-29T16:02:09.256231" level="INFO">Opening browser 'chrome' to base url 'None'.</msg>
<arg>browser=chrome</arg>
<arg>options=add_experimental_option("detach", True)</arg>
<doc>Opens a new browser instance to the optional ``url``.</doc>
<status status="PASS" start="2025-01-29T16:02:09.255232" elapsed="3.439603"/>
</kw>
<kw name="Maximize Browser Window" owner="SeleniumLibrary">
<doc>Maximizes current browser window.</doc>
<status status="PASS" start="2025-01-29T16:02:12.695837" elapsed="0.166987"/>
</kw>
<doc>keyword responsável por abrir o navegador escolhido</doc>
<status status="PASS" start="2025-01-29T16:02:09.253236" elapsed="3.610593"/>
</kw>
<kw name="Dado que estou na home page da Amazon.com.br" owner="kws_amazon">
<kw name="Acessar a home page do site Amazon.com.br" owner="kws_amazon">
<kw name="Go To" owner="SeleniumLibrary">
<msg time="2025-01-29T16:02:12.869828" level="INFO">Opening url 'https://www.amazon.com.br/'</msg>
<arg>url=${URL_AMAZON}</arg>
<doc>Navigates the current browser window to the provided ``url``.</doc>
<status status="PASS" start="2025-01-29T16:02:12.868824" elapsed="8.946080"/>
</kw>
<kw name="Wait Until Element Is Visible" owner="SeleniumLibrary">
<arg>locator=${MENU_CATEGORIAS}</arg>
<doc>Waits until the element ``locator`` is visible.</doc>
<status status="PASS" start="2025-01-29T16:02:21.816906" elapsed="1.580892"/>
</kw>
<doc>keyword responsável por acessar a home page do site Amazon</doc>
<status status="PASS" start="2025-01-29T16:02:12.867828" elapsed="10.530973"/>
</kw>
<kw name="Verificar se o título da página fica &quot;Amazon.com.br | Tudo pra você, de A a Z.&quot;" owner="kws_amazon" source_name="Verificar se o título da página fica &quot;${TITULO_PAGINA}&quot;">
<kw name="Title Should Be" owner="SeleniumLibrary">
<msg time="2025-01-29T16:02:23.591788" level="INFO">Page title is 'Amazon.com.br | Tudo pra você, de A a Z.'.</msg>
<arg>title=${TITULO_PAGINA}</arg>
<doc>Verifies that the current page title equals ``title``.</doc>
<status status="PASS" start="2025-01-29T16:02:23.402799" elapsed="0.188989"/>
</kw>
<doc>keyword responsável por verificar se o título da página atual é "Eletrônicos e Tecnologia | Amazon.com.br"</doc>
<status status="PASS" start="2025-01-29T16:02:23.399800" elapsed="0.192989"/>
</kw>
<doc>keyword responsável por chamar as keywords para acessar a home page do site Amazon
e verificar o título da página</doc>
<status status="PASS" start="2025-01-29T16:02:12.865825" elapsed="10.726964"/>
</kw>
<kw name="Quando acessar o menu &quot;Livros&quot;" owner="kws_amazon" source_name="Quando acessar o menu &quot;${NOME_CATEGORIA}&quot;">
<kw name="Entrar no menu &quot;${NOME_CATEGORIA}&quot;" owner="kws_amazon" source_name="Entrar no menu &quot;${NOME_CATEGORIA_MENU}&quot;">
<kw name="Click Element" owner="SeleniumLibrary">
<msg time="2025-01-29T16:02:23.597784" level="INFO">Clicking element '//a[contains(text(),'Livros')]'.</msg>
<arg>locator=//a[contains(text(),'${NOME_CATEGORIA_MENU}')]</arg>
<doc>Click the element identified by ``locator``.</doc>
<status status="PASS" start="2025-01-29T16:02:23.596784" elapsed="4.714646"/>
</kw>
<doc>keyword responsável por acessar a categoria Eletrônicos no menu da home page do site Amazon</doc>
<status status="PASS" start="2025-01-29T16:02:23.595785" elapsed="4.716649"/>
</kw>
<doc>keyword responsável por chamar a keyword para acessar a categoria Eletrônicos no menu da home page do site Amazon</doc>
<status status="PASS" start="2025-01-29T16:02:23.593788" elapsed="4.718646"/>
</kw>
<kw name="Então o título da página deve ficar &quot;Livros | Amazon.com.br&quot;" owner="kws_amazon" source_name="Então o título da página deve ficar &quot;${TITULO_PAGINA}&quot;">
<kw name="Verificar se o título da página fica &quot;${TITULO_PAGINA}&quot;" owner="kws_amazon" source_name="Verificar se o título da página fica &quot;${TITULO_PAGINA}&quot;">
<kw name="Title Should Be" owner="SeleniumLibrary">
<msg time="2025-01-29T16:02:28.525430" level="INFO">Page title is 'Livros | Amazon.com.br'.</msg>
<arg>title=${TITULO_PAGINA}</arg>
<doc>Verifies that the current page title equals ``title``.</doc>
<status status="PASS" start="2025-01-29T16:02:28.325431" elapsed="0.199999"/>
</kw>
<doc>keyword responsável por verificar se o título da página atual é "Eletrônicos e Tecnologia | Amazon.com.br"</doc>
<status status="PASS" start="2025-01-29T16:02:28.323428" elapsed="0.202993"/>
</kw>
<doc>keyword responsável por chamar a keyword que verificar o título atual da página</doc>
<status status="PASS" start="2025-01-29T16:02:28.322429" elapsed="0.203992"/>
</kw>
<kw name="E o texto &quot;Loja de Livros&quot; deve ser exibido na página" owner="kws_amazon" source_name="E o texto &quot;${TEXTO_TITULO_PAGINA_ELETRONICOS}&quot; deve ser exibido na página">
<kw name="Verificar se aparece a frase &quot;${TEXTO_TITULO_PAGINA_ELETRONICOS}&quot;" owner="kws_amazon" source_name="Verificar se aparece a frase &quot;${TITULO_PAGINA_ELETRONICOS}&quot;">
<kw name="Wait Until Page Contains" owner="SeleniumLibrary">
<arg>text=${TITULO_PAGINA_ELETRONICOS}</arg>
<doc>Waits until ``text`` appears on the current page.</doc>
<status status="PASS" start="2025-01-29T16:02:28.533418" elapsed="0.302981"/>
</kw>
<kw name="Wait Until Element Is Visible" owner="SeleniumLibrary">
<arg>locator=//span[text()='${TITULO_PAGINA_ELETRONICOS}']</arg>
<doc>Waits until the element ``locator`` is visible.</doc>
<status status="PASS" start="2025-01-29T16:02:28.836399" elapsed="0.218982"/>
</kw>
<doc>keyword responsável por verificar se aparece a frase "Eletrônicos e Tecnologia" na página de Eletrônicos</doc>
<status status="PASS" start="2025-01-29T16:02:28.530417" elapsed="0.525968"/>
</kw>
<doc>keyword responsável por chamar a keyword que verificar se aparece a frase "Eletrônicos e Tecnologia" na página de Eletrônicos</doc>
<status status="PASS" start="2025-01-29T16:02:28.528418" elapsed="0.527967"/>
</kw>
<kw name="E o texto &quot;Os mais vendidos&quot; deve ser exibido na página" owner="kws_amazon" source_name="E o texto &quot;${TEXTO_TITULO_PAGINA_ELETRONICOS}&quot; deve ser exibido na página">
<kw name="Verificar se aparece a frase &quot;${TEXTO_TITULO_PAGINA_ELETRONICOS}&quot;" owner="kws_amazon" source_name="Verificar se aparece a frase &quot;${TITULO_PAGINA_ELETRONICOS}&quot;">
<kw name="Wait Until Page Contains" owner="SeleniumLibrary">
<arg>text=${TITULO_PAGINA_ELETRONICOS}</arg>
<doc>Waits until ``text`` appears on the current page.</doc>
<status status="PASS" start="2025-01-29T16:02:29.060385" elapsed="0.133988"/>
</kw>
<kw name="Wait Until Element Is Visible" owner="SeleniumLibrary">
<arg>locator=//span[text()='${TITULO_PAGINA_ELETRONICOS}']</arg>
<doc>Waits until the element ``locator`` is visible.</doc>
<status status="PASS" start="2025-01-29T16:02:29.195374" elapsed="0.101993"/>
</kw>
<doc>keyword responsável por verificar se aparece a frase "Eletrônicos e Tecnologia" na página de Eletrônicos</doc>
<status status="PASS" start="2025-01-29T16:02:29.059381" elapsed="0.238987"/>
</kw>
<doc>keyword responsável por chamar a keyword que verificar se aparece a frase "Eletrônicos e Tecnologia" na página de Eletrônicos</doc>
<status status="PASS" start="2025-01-29T16:02:29.057382" elapsed="0.240986"/>
</kw>
<kw name="Fechar o navegador" owner="kws_amazon" type="TEARDOWN">
<kw name="Capture Page Screenshot" owner="SeleniumLibrary">
<msg time="2025-01-29T16:02:29.688341" level="INFO" html="true">&lt;/td&gt;&lt;/tr&gt;&lt;tr&gt;&lt;td colspan="3"&gt;&lt;a href="selenium-screenshot-6.png"&gt;&lt;img src="selenium-screenshot-6.png" width="800px"&gt;&lt;/a&gt;</msg>
<doc>Takes a screenshot of the current page and embeds it into a log file.</doc>
<status status="PASS" start="2025-01-29T16:02:29.300366" elapsed="0.388979"/>
</kw>
<kw name="Close Browser" owner="SeleniumLibrary">
<doc>Closes the current browser.</doc>
<status status="PASS" start="2025-01-29T16:02:29.689345" elapsed="2.855086"/>
</kw>
<doc>keyword responsável por fechar o navegador escolhido</doc>
<status status="PASS" start="2025-01-29T16:02:29.299366" elapsed="3.245065"/>
</kw>
<doc>Teste que verifica a busca de categorias no principal menu do site da Amazom e verifica a subcategoria "Computadores e
Informática" na página de Eletrônicos</doc>
<tag>categorias</tag>
<tag>CT01</tag>
<tag>menus</tag>
<status status="PASS" start="2025-01-29T16:02:09.247232" elapsed="23.298369"/>
</test>
<test id="s1-s1-t2" name="Caso de Teste 02 - Pesquisa de um Produto" line="21">
<kw name="Abrir o navegador" owner="kws_amazon" type="SETUP">
<kw name="Open Browser" owner="SeleniumLibrary">
<msg time="2025-01-29T16:02:32.551750" level="INFO">Opening browser 'chrome' to base url 'None'.</msg>
<arg>browser=chrome</arg>
<arg>options=add_experimental_option("detach", True)</arg>
<doc>Opens a new browser instance to the optional ``url``.</doc>
<status status="PASS" start="2025-01-29T16:02:32.551750" elapsed="3.174704"/>
</kw>
<kw name="Maximize Browser Window" owner="SeleniumLibrary">
<doc>Maximizes current browser window.</doc>
<status status="PASS" start="2025-01-29T16:02:35.728454" elapsed="0.192994"/>
</kw>
<doc>keyword responsável por abrir o navegador escolhido</doc>
<status status="PASS" start="2025-01-29T16:02:32.549744" elapsed="3.371704"/>
</kw>
<kw name="Dado que estou na home page da Amazon.com.br" owner="kws_amazon">
<kw name="Acessar a home page do site Amazon.com.br" owner="kws_amazon">
<kw name="Go To" owner="SeleniumLibrary">
<msg time="2025-01-29T16:02:35.927444" level="INFO">Opening url 'https://www.amazon.com.br/'</msg>
<arg>url=${URL_AMAZON}</arg>
<doc>Navigates the current browser window to the provided ``url``.</doc>
<status status="PASS" start="2025-01-29T16:02:35.927444" elapsed="9.508248"/>
</kw>
<kw name="Wait Until Element Is Visible" owner="SeleniumLibrary">
<arg>locator=${MENU_CATEGORIAS}</arg>
<doc>Waits until the element ``locator`` is visible.</doc>
<status status="PASS" start="2025-01-29T16:02:45.436691" elapsed="0.525968"/>
</kw>
<doc>keyword responsável por acessar a home page do site Amazon</doc>
<status status="PASS" start="2025-01-29T16:02:35.925440" elapsed="10.037219"/>
</kw>
<kw name="Verificar se o título da página fica &quot;Amazon.com.br | Tudo pra você, de A a Z.&quot;" owner="kws_amazon" source_name="Verificar se o título da página fica &quot;${TITULO_PAGINA}&quot;">
<kw name="Title Should Be" owner="SeleniumLibrary">
<msg time="2025-01-29T16:02:46.032655" level="INFO">Page title is 'Amazon.com.br | Tudo pra você, de A a Z.'.</msg>
<arg>title=${TITULO_PAGINA}</arg>
<doc>Verifies that the current page title equals ``title``.</doc>
<status status="PASS" start="2025-01-29T16:02:45.965658" elapsed="0.066997"/>
</kw>
<doc>keyword responsável por verificar se o título da página atual é "Eletrônicos e Tecnologia | Amazon.com.br"</doc>
<status status="PASS" start="2025-01-29T16:02:45.964658" elapsed="0.068996"/>
</kw>
<doc>keyword responsável por chamar as keywords para acessar a home page do site Amazon
e verificar o título da página</doc>
<status status="PASS" start="2025-01-29T16:02:35.923442" elapsed="10.110212"/>
</kw>
<kw name="Quando pesquisar pelo produto &quot;Xbox Series S&quot;" owner="kws_amazon" source_name="Quando pesquisar pelo produto &quot;${NOME_PRODUTO}&quot;">
<kw name="Digitar o nome de produto &quot;${NOME_PRODUTO}&quot; no campo de pesquisa" owner="kws_amazon" source_name="Digitar o nome de produto &quot;${NOME_PRODUTO}&quot; no campo de pesquisa">
<kw name="Click Element" owner="SeleniumLibrary">
<msg time="2025-01-29T16:02:46.038660" level="INFO">Clicking element 'id=twotabsearchtextbox'.</msg>
<arg>id=twotabsearchtextbox</arg>
<doc>Click the element identified by ``locator``.</doc>
<status status="PASS" start="2025-01-29T16:02:46.037657" elapsed="1.902880"/>
</kw>
<kw name="Input Text" owner="SeleniumLibrary">
<msg time="2025-01-29T16:02:47.943540" level="INFO">Typing text 'Xbox Series S' into text field 'id=twotabsearchtextbox'.</msg>
<arg>id=twotabsearchtextbox</arg>
<arg>text=${NOME_PRODUTO}</arg>
<doc>Types the given ``text`` into the text field identified by ``locator``.</doc>
<status status="PASS" start="2025-01-29T16:02:47.941535" elapsed="0.719949"/>
</kw>
<doc>keyword responsável por digitar o nome do produto especificado no campo de pesquisa do site Amazon</doc>
<status status="PASS" start="2025-01-29T16:02:46.036656" elapsed="2.625830"/>
</kw>
<kw name="Clicar no botão de pesquisa" owner="kws_amazon">
<kw name="Click Element" owner="SeleniumLibrary">
<msg time="2025-01-29T16:02:48.665488" level="INFO">Clicking element 'id=nav-search-submit-button'.</msg>
<arg>id=nav-search-submit-button</arg>
<doc>Click the element identified by ``locator``.</doc>
<status status="PASS" start="2025-01-29T16:02:48.664484" elapsed="4.991199"/>
</kw>
<doc>keyword responsável por clicar no botão de pesquisa do site Amazon</doc>
<status status="PASS" start="2025-01-29T16:02:48.662486" elapsed="4.994199"/>
</kw>
<doc>keyword responsável por chamar as keywords para pesquisar pelo produto "Xbox Series S"</doc>
<status status="PASS" start="2025-01-29T16:02:46.035655" elapsed="7.621030"/>
</kw>
<kw name="Então o título da página deve ficar &quot;Amazon.com.br : Xbox Series S&quot;" owner="kws_amazon" source_name="Então o título da página deve ficar &quot;${TITULO_PAGINA}&quot;">
<kw name="Verificar se o título da página fica &quot;${TITULO_PAGINA}&quot;" owner="kws_amazon" source_name="Verificar se o título da página fica &quot;${TITULO_PAGINA}&quot;">
<kw name="Title Should Be" owner="SeleniumLibrary">
<msg time="2025-01-29T16:02:54.490633" level="INFO">Page title is 'Amazon.com.br : Xbox Series S'.</msg>
<arg>title=${TITULO_PAGINA}</arg>
<doc>Verifies that the current page title equals ``title``.</doc>
<status status="PASS" start="2025-01-29T16:02:53.689686" elapsed="0.800947"/>
</kw>
<doc>keyword responsável por verificar se o título da página atual é "Eletrônicos e Tecnologia | Amazon.com.br"</doc>
<status status="PASS" start="2025-01-29T16:02:53.688687" elapsed="0.801946"/>
</kw>
<doc>keyword responsável por chamar a keyword que verificar o título atual da página</doc>
<status status="PASS" start="2025-01-29T16:02:53.687686" elapsed="0.803948"/>
</kw>
<kw name="E um produto da linha &quot;Xbox Series S&quot; deve ser mostrado na página" owner="kws_amazon" source_name="E um produto da linha &quot;${NOME_PRODUTO}&quot; deve ser mostrado na página">
<kw name="Verificar o resultado da pesquisa se está listando o produto &quot;${NOME_PRODUTO}&quot;" owner="kws_amazon" source_name="Verificar o resultado da pesquisa se está listando o produto &quot;${NOME_PRODUTO}&quot;">
<kw name="Wait Until Element Is Visible" owner="SeleniumLibrary">
<arg>locator=//*[text()='${NOME_PRODUTO}']</arg>
<doc>Waits until the element ``locator`` is visible.</doc>
<status status="PASS" start="2025-01-29T16:02:54.495629" elapsed="0.362979"/>
</kw>
<doc>keyword responsável por verificar se o produto pesquisado foi listado na página de resultados da pesquisa</doc>
<status status="PASS" start="2025-01-29T16:02:54.494630" elapsed="0.363978"/>
</kw>
<doc>keyword responsável por chamar a keyword que verificar se o produto pesquisado foi listado na página de resultados da pesquisa</doc>
<status status="PASS" start="2025-01-29T16:02:54.492632" elapsed="0.366977"/>
</kw>
<kw name="Fechar o navegador" owner="kws_amazon" type="TEARDOWN">
<kw name="Capture Page Screenshot" owner="SeleniumLibrary">
<msg time="2025-01-29T16:02:55.398573" level="INFO" html="true">&lt;/td&gt;&lt;/tr&gt;&lt;tr&gt;&lt;td colspan="3"&gt;&lt;a href="selenium-screenshot-7.png"&gt;&lt;img src="selenium-screenshot-7.png" width="800px"&gt;&lt;/a&gt;</msg>
<doc>Takes a screenshot of the current page and embeds it into a log file.</doc>
<status status="PASS" start="2025-01-29T16:02:54.867609" elapsed="0.530964"/>
</kw>
<kw name="Close Browser" owner="SeleniumLibrary">
<doc>Closes the current browser.</doc>
<status status="PASS" start="2025-01-29T16:02:55.399575" elapsed="2.614517"/>
</kw>
<doc>keyword responsável por fechar o navegador escolhido</doc>
<status status="PASS" start="2025-01-29T16:02:54.864609" elapsed="3.150482"/>
</kw>
<doc>Teste que verifica a busca de produto no site da Amazon e verifica se o produto pesquisado foi listado</doc>
<tag>busca_produto</tag>
<tag>CT02</tag>
<tag>lista_produto</tag>
<status status="PASS" start="2025-01-29T16:02:32.547748" elapsed="25.467343"/>
</test>
<doc>Esta suíte de testes verifica as funcionalidades do site Amazon.com.br -
Exempos de Casos de Teste - Gherkin (BDD)
Autora:  Sthefany Albuquerque Ricardo
Data:  28/01/2025</doc>
<status status="PASS" start="2025-01-29T16:02:07.604606" elapsed="50.413484"/>
</suite>
<suite id="s1-s2" name="Amazon Testes Processuais" source="C:\workspace\curso-robot-framework-basico-may\web_testing\tests\amazon_testes_processuais.robot">
<test id="s1-s2-t1" name="Caso de Teste 01 - Acesso ao menu &quot;Eletrônicos&quot;" line="11">
<kw name="Abrir o navegador" owner="kws_amazon" type="SETUP">
<kw name="Open Browser" owner="SeleniumLibrary">
<msg time="2025-01-29T16:02:58.048089" level="INFO">Opening browser 'chrome' to base url 'None'.</msg>
<arg>browser=chrome</arg>
<arg>options=add_experimental_option("detach", True)</arg>
<doc>Opens a new browser instance to the optional ``url``.</doc>
<status status="PASS" start="2025-01-29T16:02:58.047086" elapsed="3.378836"/>
</kw>
<kw name="Maximize Browser Window" owner="SeleniumLibrary">
<doc>Maximizes current browser window.</doc>
<status status="PASS" start="2025-01-29T16:03:01.425922" elapsed="0.132991"/>
</kw>
<doc>keyword responsável por abrir o navegador escolhido</doc>
<status status="PASS" start="2025-01-29T16:02:58.045086" elapsed="3.514829"/>
</kw>
<kw name="Acessar a home page do site Amazon.com.br" owner="kws_amazon">
<kw name="Go To" owner="SeleniumLibrary">
<msg time="2025-01-29T16:03:01.566920" level="INFO">Opening url 'https://www.amazon.com.br/'</msg>
<arg>url=${URL_AMAZON}</arg>
<doc>Navigates the current browser window to the provided ``url``.</doc>
<status status="PASS" start="2025-01-29T16:03:01.565916" elapsed="8.518691"/>
</kw>
<kw name="Wait Until Element Is Visible" owner="SeleniumLibrary">
<arg>locator=${MENU_CATEGORIAS}</arg>
<doc>Waits until the element ``locator`` is visible.</doc>
<status status="PASS" start="2025-01-29T16:03:10.084607" elapsed="0.308979"/>
</kw>
<doc>keyword responsável por acessar a home page do site Amazon</doc>
<status status="PASS" start="2025-01-29T16:03:01.561916" elapsed="8.831670"/>
</kw>
<kw name="Verificar se o título da página fica &quot;Amazon.com.br | Tudo pra você, de A a Z.&quot;" owner="kws_amazon" source_name="Verificar se o título da página fica &quot;${TITULO_PAGINA}&quot;">
<kw name="Title Should Be" owner="SeleniumLibrary">
<msg time="2025-01-29T16:03:10.481580" level="INFO">Page title is 'Amazon.com.br | Tudo pra você, de A a Z.'.</msg>
<arg>title=${TITULO_PAGINA}</arg>
<doc>Verifies that the current page title equals ``title``.</doc>
<status status="PASS" start="2025-01-29T16:03:10.398591" elapsed="0.082989"/>
</kw>
<doc>keyword responsável por verificar se o título da página atual é "Eletrônicos e Tecnologia | Amazon.com.br"</doc>
<status status="PASS" start="2025-01-29T16:03:10.397593" elapsed="0.083987"/>
</kw>
<kw name="Entrar no menu &quot;Eletrônicos&quot;" owner="kws_amazon" source_name="Entrar no menu &quot;${NOME_CATEGORIA_MENU}&quot;">
<kw name="Click Element" owner="SeleniumLibrary">
<msg time="2025-01-29T16:03:10.484581" level="INFO">Clicking element '//a[contains(text(),'Eletrônicos')]'.</msg>
<arg>locator=//a[contains(text(),'${NOME_CATEGORIA_MENU}')]</arg>
<doc>Click the element identified by ``locator``.</doc>
<status status="PASS" start="2025-01-29T16:03:10.484581" elapsed="6.861727"/>
</kw>
<doc>keyword responsável por acessar a categoria Eletrônicos no menu da home page do site Amazon</doc>
<status status="PASS" start="2025-01-29T16:03:10.482578" elapsed="6.863730"/>
</kw>
<kw name="Verificar se o título da página fica &quot;Eletrônicos e Tecnologia | Amazon.com.br&quot;" owner="kws_amazon" source_name="Verificar se o título da página fica &quot;${TITULO_PAGINA}&quot;">
<kw name="Title Should Be" owner="SeleniumLibrary">
<msg time="2025-01-29T16:03:17.508295" level="INFO">Page title is 'Eletrônicos e Tecnologia | Amazon.com.br'.</msg>
<arg>title=${TITULO_PAGINA}</arg>
<doc>Verifies that the current page title equals ``title``.</doc>
<status status="PASS" start="2025-01-29T16:03:17.354307" elapsed="0.153988"/>
</kw>
<doc>keyword responsável por verificar se o título da página atual é "Eletrônicos e Tecnologia | Amazon.com.br"</doc>
<status status="PASS" start="2025-01-29T16:03:17.353306" elapsed="0.154989"/>
</kw>
<kw name="Verificar se aparece a frase &quot;Eletrônicos e Tecnologia&quot;" owner="kws_amazon" source_name="Verificar se aparece a frase &quot;${TITULO_PAGINA_ELETRONICOS}&quot;">
<kw name="Wait Until Page Contains" owner="SeleniumLibrary">
<arg>text=${TITULO_PAGINA_ELETRONICOS}</arg>
<doc>Waits until ``text`` appears on the current page.</doc>
<status status="PASS" start="2025-01-29T16:03:17.516298" elapsed="0.461973"/>
</kw>
<kw name="Wait Until Element Is Visible" owner="SeleniumLibrary">
<arg>locator=//span[text()='${TITULO_PAGINA_ELETRONICOS}']</arg>
<doc>Waits until the element ``locator`` is visible.</doc>
<status status="PASS" start="2025-01-29T16:03:17.982267" elapsed="0.215988"/>
</kw>
<doc>keyword responsável por verificar se aparece a frase "Eletrônicos e Tecnologia" na página de Eletrônicos</doc>
<status status="PASS" start="2025-01-29T16:03:17.514298" elapsed="0.683957"/>
</kw>
<kw name="Verificar se aparece a categoria &quot;Computadores e Informática&quot;" owner="kws_amazon" source_name="Verificar se aparece a categoria &quot;${NOME_CATEGORIA}&quot;">
<kw name="Element Should Be Visible" owner="SeleniumLibrary">
<msg time="2025-01-29T16:03:18.570229" level="INFO">Element '//li[@class='a-carousel-card dcl-carousel-element']//div[@class='a-cardui-footer dcl-card-footer']//span[text()='Computadores e Informática']' is displayed.</msg>
<arg>locator=${SUBCATEGORIA_COMPUTADORES_E_INFORMATICA}//span[text()='${NOME_CATEGORIA}']</arg>
<doc>Verifies that the element identified by ``locator`` is visible.</doc>
<status status="PASS" start="2025-01-29T16:03:18.202252" elapsed="0.367977"/>
</kw>
<doc>keyword responsável por verificar se aparece a categoria "Computadores e Informática" na página de Eletrônicos</doc>
<status status="PASS" start="2025-01-29T16:03:18.201257" elapsed="0.369972"/>
</kw>
<kw name="Verificar se aparece a categoria &quot;Áudio e Som&quot;" owner="kws_amazon" source_name="Verificar se aparece a categoria &quot;${NOME_CATEGORIA}&quot;">
<kw name="Element Should Be Visible" owner="SeleniumLibrary">
<msg time="2025-01-29T16:03:18.723217" level="INFO">Element '//li[@class='a-carousel-card dcl-carousel-element']//div[@class='a-cardui-footer dcl-card-footer']//span[text()='Áudio e Som']' is displayed.</msg>
<arg>locator=${SUBCATEGORIA_COMPUTADORES_E_INFORMATICA}//span[text()='${NOME_CATEGORIA}']</arg>
<doc>Verifies that the element identified by ``locator`` is visible.</doc>
<status status="PASS" start="2025-01-29T16:03:18.573231" elapsed="0.149986"/>
</kw>
<doc>keyword responsável por verificar se aparece a categoria "Computadores e Informática" na página de Eletrônicos</doc>
<status status="PASS" start="2025-01-29T16:03:18.572227" elapsed="0.151990"/>
</kw>
<kw name="Fechar o navegador" owner="kws_amazon" type="TEARDOWN">
<kw name="Capture Page Screenshot" owner="SeleniumLibrary">
<msg time="2025-01-29T16:03:19.180439" level="INFO" html="true">&lt;/td&gt;&lt;/tr&gt;&lt;tr&gt;&lt;td colspan="3"&gt;&lt;a href="selenium-screenshot-8.png"&gt;&lt;img src="selenium-screenshot-8.png" width="800px"&gt;&lt;/a&gt;</msg>
<doc>Takes a screenshot of the current page and embeds it into a log file.</doc>
<status status="PASS" start="2025-01-29T16:03:18.727220" elapsed="0.454219"/>
</kw>
<kw name="Close Browser" owner="SeleniumLibrary">
<doc>Closes the current browser.</doc>
<status status="PASS" start="2025-01-29T16:03:19.181439" elapsed="2.599554"/>
</kw>
<doc>keyword responsável por fechar o navegador escolhido</doc>
<status status="PASS" start="2025-01-29T16:03:18.726219" elapsed="3.056151"/>
</kw>
<doc>Teste que verifica a busca de categorias no principal menu do site da Amazom e verifica a subcategoria "Computadores e
Informática" na página de Eletrônicos</doc>
<tag>categorias</tag>
<tag>CT01</tag>
<tag>menus</tag>
<status status="PASS" start="2025-01-29T16:02:58.042088" elapsed="23.741905"/>
</test>
<test id="s1-s2-t2" name="Caso de Teste 02 - Pesquisa de um Produto" line="23">
<kw name="Abrir o navegador" owner="kws_amazon" type="SETUP">
<kw name="Open Browser" owner="SeleniumLibrary">
<msg time="2025-01-29T16:03:21.797921" level="INFO">Opening browser 'chrome' to base url 'None'.</msg>
<arg>browser=chrome</arg>
<arg>options=add_experimental_option("detach", True)</arg>
<doc>Opens a new browser instance to the optional ``url``.</doc>
<status status="PASS" start="2025-01-29T16:03:21.796925" elapsed="3.673927"/>
</kw>
<kw name="Maximize Browser Window" owner="SeleniumLibrary">
<doc>Maximizes current browser window.</doc>
<status status="PASS" start="2025-01-29T16:03:25.471849" elapsed="0.135996"/>
</kw>
<doc>keyword responsável por abrir o navegador escolhido</doc>
<status status="PASS" start="2025-01-29T16:03:21.794911" elapsed="3.812934"/>
</kw>
<kw name="Acessar a home page do site Amazon.com.br" owner="kws_amazon">
<kw name="Go To" owner="SeleniumLibrary">
<msg time="2025-01-29T16:03:25.614844" level="INFO">Opening url 'https://www.amazon.com.br/'</msg>
<arg>url=${URL_AMAZON}</arg>
<doc>Navigates the current browser window to the provided ``url``.</doc>
<status status="PASS" start="2025-01-29T16:03:25.610844" elapsed="9.414717"/>
</kw>
<kw name="Wait Until Element Is Visible" owner="SeleniumLibrary">
<arg>locator=${MENU_CATEGORIAS}</arg>
<doc>Waits until the element ``locator`` is visible.</doc>
<status status="PASS" start="2025-01-29T16:03:35.025561" elapsed="0.421970"/>
</kw>
<doc>keyword responsável por acessar a home page do site Amazon</doc>
<status status="PASS" start="2025-01-29T16:03:25.609844" elapsed="9.838687"/>
</kw>
<kw name="Verificar se o título da página fica &quot;Amazon.com.br | Tudo pra você, de A a Z.&quot;" owner="kws_amazon" source_name="Verificar se o título da página fica &quot;${TITULO_PAGINA}&quot;">
<kw name="Title Should Be" owner="SeleniumLibrary">
<msg time="2025-01-29T16:03:35.504527" level="INFO">Page title is 'Amazon.com.br | Tudo pra você, de A a Z.'.</msg>
<arg>title=${TITULO_PAGINA}</arg>
<doc>Verifies that the current page title equals ``title``.</doc>
<status status="PASS" start="2025-01-29T16:03:35.451531" elapsed="0.052996"/>
</kw>
<doc>keyword responsável por verificar se o título da página atual é "Eletrônicos e Tecnologia | Amazon.com.br"</doc>
<status status="PASS" start="2025-01-29T16:03:35.449529" elapsed="0.056002"/>
</kw>
<kw name="Digitar o nome de produto &quot;Xbox Series S&quot; no campo de pesquisa" owner="kws_amazon" source_name="Digitar o nome de produto &quot;${NOME_PRODUTO}&quot; no campo de pesquisa">
<kw name="Click Element" owner="SeleniumLibrary">
<msg time="2025-01-29T16:03:35.509525" level="INFO">Clicking element 'id=twotabsearchtextbox'.</msg>
<arg>id=twotabsearchtextbox</arg>
<doc>Click the element identified by ``locator``.</doc>
<status status="PASS" start="2025-01-29T16:03:35.508529" elapsed="1.571905"/>
</kw>
<kw name="Input Text" owner="SeleniumLibrary">
<msg time="2025-01-29T16:03:37.083427" level="INFO">Typing text 'Xbox Series S' into text field 'id=twotabsearchtextbox'.</msg>
<arg>id=twotabsearchtextbox</arg>
<arg>text=${NOME_PRODUTO}</arg>
<doc>Types the given ``text`` into the text field identified by ``locator``.</doc>
<status status="PASS" start="2025-01-29T16:03:37.081428" elapsed="0.859944"/>
</kw>
<doc>keyword responsável por digitar o nome do produto especificado no campo de pesquisa do site Amazon</doc>
<status status="PASS" start="2025-01-29T16:03:35.507528" elapsed="2.434843"/>
</kw>
<kw name="Clicar no botão de pesquisa" owner="kws_amazon">
<kw name="Click Element" owner="SeleniumLibrary">
<msg time="2025-01-29T16:03:37.946372" level="INFO">Clicking element 'id=nav-search-submit-button'.</msg>
<arg>id=nav-search-submit-button</arg>
<doc>Click the element identified by ``locator``.</doc>
<status status="PASS" start="2025-01-29T16:03:37.945372" elapsed="6.159606"/>
</kw>
<doc>keyword responsável por clicar no botão de pesquisa do site Amazon</doc>
<status status="PASS" start="2025-01-29T16:03:37.943372" elapsed="6.161606"/>
</kw>
<kw name="Verificar o resultado da pesquisa se está listando o produto &quot;Xbox Series S&quot;" owner="kws_amazon" source_name="Verificar o resultado da pesquisa se está listando o produto &quot;${NOME_PRODUTO}&quot;">
<kw name="Wait Until Element Is Visible" owner="SeleniumLibrary">
<arg>locator=//*[text()='${NOME_PRODUTO}']</arg>
<doc>Waits until the element ``locator`` is visible.</doc>
<status status="PASS" start="2025-01-29T16:03:44.107978" elapsed="1.281919"/>
</kw>
<doc>keyword responsável por verificar se o produto pesquisado foi listado na página de resultados da pesquisa</doc>
<status status="PASS" start="2025-01-29T16:03:44.105981" elapsed="1.283916"/>
</kw>
<kw name="Fechar o navegador" owner="kws_amazon" type="TEARDOWN">
<kw name="Capture Page Screenshot" owner="SeleniumLibrary">
<msg time="2025-01-29T16:03:46.246839" level="INFO" html="true">&lt;/td&gt;&lt;/tr&gt;&lt;tr&gt;&lt;td colspan="3"&gt;&lt;a href="selenium-screenshot-9.png"&gt;&lt;img src="selenium-screenshot-9.png" width="800px"&gt;&lt;/a&gt;</msg>
<doc>Takes a screenshot of the current page and embeds it into a log file.</doc>
<status status="PASS" start="2025-01-29T16:03:45.392895" elapsed="0.853944"/>
</kw>
<kw name="Close Browser" owner="SeleniumLibrary">
<doc>Closes the current browser.</doc>
<status status="PASS" start="2025-01-29T16:03:46.247838" elapsed="3.196801"/>
</kw>
<doc>keyword responsável por fechar o navegador escolhido</doc>
<status status="PASS" start="2025-01-29T16:03:45.391896" elapsed="4.052743"/>
</kw>
<doc>Teste que verifica a busca de produto no site da Amazon e verifica se o produto pesquisado foi listado</doc>
<tag>busca_produto</tag>
<tag>CT02</tag>
<tag>lista_produto</tag>
<status status="PASS" start="2025-01-29T16:03:21.791911" elapsed="27.653722"/>
</test>
<doc>Esta suíte de testes verifica as funcionalidades do site Amazon.com.br -
Exempos de Casos de Teste Procedural
Autora:  Sthefany Albuquerque Ricardo
Data:  28/01/2025</doc>
<status status="PASS" start="2025-01-29T16:02:58.023088" elapsed="51.425546"/>
</suite>
<status status="PASS" start="2025-01-29T16:02:07.508619" elapsed="101.947021"/>
</suite>
<statistics>
<total>
<stat pass="4" fail="0" skip="0">All Tests</stat>
</total>
<tag>
<stat pass="2" fail="0" skip="0">busca_produto</stat>
<stat pass="2" fail="0" skip="0">categorias</stat>
<stat pass="2" fail="0" skip="0">CT01</stat>
<stat pass="2" fail="0" skip="0">CT02</stat>
<stat pass="2" fail="0" skip="0">lista_produto</stat>
<stat pass="2" fail="0" skip="0">menus</stat>
</tag>
<suite>
<stat name="Tests" id="s1" pass="4" fail="0" skip="0">Tests</stat>
<stat name="Amazon Testes Gherkin" id="s1-s1" pass="2" fail="0" skip="0">Tests.Amazon Testes Gherkin</stat>
<stat name="Amazon Testes Processuais" id="s1-s2" pass="2" fail="0" skip="0">Tests.Amazon Testes Processuais</stat>
</suite>
</statistics>
<errors>
</errors>
</robot>
