<?xml version="1.0" encoding="UTF-8"?>
<robot generator="Robot 7.2 (Python 3.12.0 on win32)" generated="2025-01-30T01:07:23.066446" rpa="false" schemaversion="5">
<suite id="s1" name="Tests" source="C:\workspace\curso-robot-framework-basico-may\web_testing\tests">
<suite id="s1-s1" name="Amazon Testes Gherkin" source="C:\workspace\curso-robot-framework-basico-may\web_testing\tests\amazon_testes_gherkin.robot">
<test id="s1-s1-t1" name="Caso de Teste 01 - Acesso ao menu &quot;Livros&quot;" line="11">
<kw name="Abrir o navegador" owner="kws_amazon" type="SETUP">
<kw name="Open Browser" owner="SeleniumLibrary">
<msg time="2025-01-30T01:07:24.623589" level="INFO">Opening browser 'chrome' to base url 'None'.</msg>
<arg>browser=chrome</arg>
<arg>options=add_experimental_option("detach", True)</arg>
<doc>Opens a new browser instance to the optional ``url``.</doc>
<status status="PASS" start="2025-01-30T01:07:24.621587" elapsed="4.171494"/>
</kw>
<kw name="Maximize Browser Window" owner="SeleniumLibrary">
<doc>Maximizes current browser window.</doc>
<status status="PASS" start="2025-01-30T01:07:28.794078" elapsed="0.190989"/>
</kw>
<doc>keyword responsável por abrir o navegador escolhido</doc>
<status status="PASS" start="2025-01-30T01:07:24.617589" elapsed="4.368477"/>
</kw>
<kw name="Dado que estou na home page da Amazon.com.br" owner="kws_amazon">
<kw name="Acessar a home page do site Amazon.com.br" owner="kws_amazon">
<kw name="Go To" owner="SeleniumLibrary">
<msg time="2025-01-30T01:07:29.041070" level="INFO">Opening url 'https://www.amazon.com.br/'</msg>
<arg>url=${URL_AMAZON}</arg>
<doc>Navigates the current browser window to the provided ``url``.</doc>
<status status="PASS" start="2025-01-30T01:07:29.035065" elapsed="11.561133"/>
</kw>
<kw name="Wait Until Element Is Visible" owner="SeleniumLibrary">
<arg>locator=${MENU_CATEGORIAS}</arg>
<doc>Waits until the element ``locator`` is visible.</doc>
<status status="PASS" start="2025-01-30T01:07:40.596198" elapsed="0.534960"/>
</kw>
<doc>keyword responsável por acessar a home page do site Amazon</doc>
<status status="PASS" start="2025-01-30T01:07:29.034071" elapsed="12.098089"/>
</kw>
<kw name="Verificar se o título da página fica &quot;Amazon.com.br | Tudo pra você, de A a Z.&quot;" owner="kws_amazon" source_name="Verificar se o título da página fica &quot;${TITULO_PAGINA}&quot;">
<kw name="Title Should Be" owner="SeleniumLibrary">
<msg time="2025-01-30T01:07:41.175164" level="INFO">Page title is 'Amazon.com.br | Tudo pra você, de A a Z.'.</msg>
<arg>title=${TITULO_PAGINA}</arg>
<doc>Verifies that the current page title equals ``title``.</doc>
<status status="PASS" start="2025-01-30T01:07:41.134158" elapsed="0.041006"/>
</kw>
<doc>keyword responsável por verificar se o título da página atual é "Eletrônicos e Tecnologia | Amazon.com.br"</doc>
<status status="PASS" start="2025-01-30T01:07:41.133158" elapsed="0.043018"/>
</kw>
<doc>keyword responsável por chamar as keywords para acessar a home page do site Amazon
e verificar o título da página</doc>
<status status="PASS" start="2025-01-30T01:07:29.032066" elapsed="12.145110"/>
</kw>
<kw name="Quando acessar o menu &quot;Livros&quot;" owner="kws_amazon" source_name="Quando acessar o menu &quot;${NOME_CATEGORIA}&quot;">
<kw name="Entrar no menu &quot;${NOME_CATEGORIA}&quot;" owner="kws_amazon" source_name="Entrar no menu &quot;${NOME_CATEGORIA_MENU}&quot;">
<kw name="Click Element" owner="SeleniumLibrary">
<msg time="2025-01-30T01:07:41.183152" level="INFO">Clicking element '//a[contains(text(),'Livros')]'.</msg>
<arg>locator=//a[contains(text(),'${NOME_CATEGORIA_MENU}')]</arg>
<doc>Click the element identified by ``locator``.</doc>
<status status="PASS" start="2025-01-30T01:07:41.182154" elapsed="6.806565"/>
</kw>
<doc>keyword responsável por acessar a categoria Eletrônicos no menu da home page do site Amazon</doc>
<status status="PASS" start="2025-01-30T01:07:41.180154" elapsed="6.809566"/>
</kw>
<doc>keyword responsável por chamar a keyword para acessar a categoria Eletrônicos no menu da home page do site Amazon</doc>
<status status="PASS" start="2025-01-30T01:07:41.179165" elapsed="6.810555"/>
</kw>
<kw name="Então o título da página deve ficar &quot;Livros | Amazon.com.br&quot;" owner="kws_amazon" source_name="Então o título da página deve ficar &quot;${TITULO_PAGINA}&quot;">
<kw name="Verificar se o título da página fica &quot;${TITULO_PAGINA}&quot;" owner="kws_amazon" source_name="Verificar se o título da página fica &quot;${TITULO_PAGINA}&quot;">
<kw name="Title Should Be" owner="SeleniumLibrary">
<msg time="2025-01-30T01:07:48.223705" level="INFO">Page title is 'Livros | Amazon.com.br'.</msg>
<arg>title=${TITULO_PAGINA}</arg>
<doc>Verifies that the current page title equals ``title``.</doc>
<status status="PASS" start="2025-01-30T01:07:48.040721" elapsed="0.182984"/>
</kw>
<doc>keyword responsável por verificar se o título da página atual é "Eletrônicos e Tecnologia | Amazon.com.br"</doc>
<status status="PASS" start="2025-01-30T01:07:48.038719" elapsed="0.185987"/>
</kw>
<doc>keyword responsável por chamar a keyword que verificar o título atual da página</doc>
<status status="PASS" start="2025-01-30T01:07:48.033716" elapsed="0.190990"/>
</kw>
<kw name="E o texto &quot;Loja de Livros&quot; deve ser exibido na página" owner="kws_amazon" source_name="E o texto &quot;${TEXTO_TITULO_PAGINA_ELETRONICOS}&quot; deve ser exibido na página">
<kw name="Verificar se aparece a frase &quot;${TEXTO_TITULO_PAGINA_ELETRONICOS}&quot;" owner="kws_amazon" source_name="Verificar se aparece a frase &quot;${TITULO_PAGINA_ELETRONICOS}&quot;">
<kw name="Wait Until Page Contains" owner="SeleniumLibrary">
<arg>text=${TITULO_PAGINA_ELETRONICOS}</arg>
<doc>Waits until ``text`` appears on the current page.</doc>
<status status="PASS" start="2025-01-30T01:07:48.228706" elapsed="0.267981"/>
</kw>
<kw name="Wait Until Element Is Visible" owner="SeleniumLibrary">
<arg>locator=//span[text()='${TITULO_PAGINA_ELETRONICOS}']</arg>
<doc>Waits until the element ``locator`` is visible.</doc>
<status status="PASS" start="2025-01-30T01:07:48.496687" elapsed="0.082996"/>
</kw>
<doc>keyword responsável por verificar se aparece a frase "Eletrônicos e Tecnologia" na página de Eletrônicos</doc>
<status status="PASS" start="2025-01-30T01:07:48.227707" elapsed="0.352976"/>
</kw>
<doc>keyword responsável por chamar a keyword que verificar se aparece a frase "Eletrônicos e Tecnologia" na página de Eletrônicos</doc>
<status status="PASS" start="2025-01-30T01:07:48.225704" elapsed="0.354979"/>
</kw>
<kw name="E o texto &quot;Os mais vendidos&quot; deve ser exibido na página" owner="kws_amazon" source_name="E o texto &quot;${TEXTO_TITULO_PAGINA_ELETRONICOS}&quot; deve ser exibido na página">
<kw name="Verificar se aparece a frase &quot;${TEXTO_TITULO_PAGINA_ELETRONICOS}&quot;" owner="kws_amazon" source_name="Verificar se aparece a frase &quot;${TITULO_PAGINA_ELETRONICOS}&quot;">
<kw name="Wait Until Page Contains" owner="SeleniumLibrary">
<arg>text=${TITULO_PAGINA_ELETRONICOS}</arg>
<doc>Waits until ``text`` appears on the current page.</doc>
<status status="PASS" start="2025-01-30T01:07:48.585681" elapsed="0.395977"/>
</kw>
<kw name="Wait Until Element Is Visible" owner="SeleniumLibrary">
<arg>locator=//span[text()='${TITULO_PAGINA_ELETRONICOS}']</arg>
<doc>Waits until the element ``locator`` is visible.</doc>
<status status="PASS" start="2025-01-30T01:07:48.982660" elapsed="0.243982"/>
</kw>
<doc>keyword responsável por verificar se aparece a frase "Eletrônicos e Tecnologia" na página de Eletrônicos</doc>
<status status="PASS" start="2025-01-30T01:07:48.583681" elapsed="0.643958"/>
</kw>
<doc>keyword responsável por chamar a keyword que verificar se aparece a frase "Eletrônicos e Tecnologia" na página de Eletrônicos</doc>
<status status="PASS" start="2025-01-30T01:07:48.581680" elapsed="0.645959"/>
</kw>
<kw name="Fechar o navegador" owner="kws_amazon" type="TEARDOWN">
<kw name="Capture Page Screenshot" owner="SeleniumLibrary">
<msg time="2025-01-30T01:07:49.613618" level="INFO" html="true">&lt;/td&gt;&lt;/tr&gt;&lt;tr&gt;&lt;td colspan="3"&gt;&lt;a href="selenium-screenshot-15.png"&gt;&lt;img src="selenium-screenshot-15.png" width="800px"&gt;&lt;/a&gt;</msg>
<doc>Takes a screenshot of the current page and embeds it into a log file.</doc>
<status status="PASS" start="2025-01-30T01:07:49.236643" elapsed="0.377973"/>
</kw>
<kw name="Close Browser" owner="SeleniumLibrary">
<doc>Closes the current browser.</doc>
<status status="PASS" start="2025-01-30T01:07:49.614616" elapsed="3.915478"/>
</kw>
<doc>keyword responsável por fechar o navegador escolhido</doc>
<status status="PASS" start="2025-01-30T01:07:49.234638" elapsed="4.296635"/>
</kw>
<doc>Teste que verifica a busca de categorias no principal menu do site da Amazom e verifica a subcategoria "Computadores e
Informática" na página de Eletrônicos</doc>
<tag>categorias</tag>
<tag>CT01</tag>
<tag>menus</tag>
<status status="PASS" start="2025-01-30T01:07:24.613591" elapsed="28.918504"/>
</test>
<test id="s1-s1-t2" name="Caso de Teste 02 - Pesquisa de um Produto" line="21">
<kw name="Abrir o navegador" owner="kws_amazon" type="SETUP">
<kw name="Open Browser" owner="SeleniumLibrary">
<msg time="2025-01-30T01:07:53.538240" level="INFO">Opening browser 'chrome' to base url 'None'.</msg>
<arg>browser=chrome</arg>
<arg>options=add_experimental_option("detach", True)</arg>
<doc>Opens a new browser instance to the optional ``url``.</doc>
<status status="PASS" start="2025-01-30T01:07:53.537271" elapsed="3.514298"/>
</kw>
<kw name="Maximize Browser Window" owner="SeleniumLibrary">
<doc>Maximizes current browser window.</doc>
<status status="PASS" start="2025-01-30T01:07:57.052573" elapsed="0.316977"/>
</kw>
<doc>keyword responsável por abrir o navegador escolhido</doc>
<status status="PASS" start="2025-01-30T01:07:53.536244" elapsed="3.833306"/>
</kw>
<kw name="Dado que estou na home page da Amazon.com.br" owner="kws_amazon">
<kw name="Acessar a home page do site Amazon.com.br" owner="kws_amazon">
<kw name="Go To" owner="SeleniumLibrary">
<msg time="2025-01-30T01:07:57.381554" level="INFO">Opening url 'https://www.amazon.com.br/'</msg>
<arg>url=${URL_AMAZON}</arg>
<doc>Navigates the current browser window to the provided ``url``.</doc>
<status status="PASS" start="2025-01-30T01:07:57.377555" elapsed="10.975322"/>
</kw>
<kw name="Wait Until Element Is Visible" owner="SeleniumLibrary">
<arg>locator=${MENU_CATEGORIAS}</arg>
<doc>Waits until the element ``locator`` is visible.</doc>
<status status="PASS" start="2025-01-30T01:08:08.353876" elapsed="0.295981"/>
</kw>
<doc>keyword responsável por acessar a home page do site Amazon</doc>
<status status="PASS" start="2025-01-30T01:07:57.375550" elapsed="11.274307"/>
</kw>
<kw name="Verificar se o título da página fica &quot;Amazon.com.br | Tudo pra você, de A a Z.&quot;" owner="kws_amazon" source_name="Verificar se o título da página fica &quot;${TITULO_PAGINA}&quot;">
<kw name="Title Should Be" owner="SeleniumLibrary">
<msg time="2025-01-30T01:08:08.684855" level="INFO">Page title is 'Amazon.com.br | Tudo pra você, de A a Z.'.</msg>
<arg>title=${TITULO_PAGINA}</arg>
<doc>Verifies that the current page title equals ``title``.</doc>
<status status="PASS" start="2025-01-30T01:08:08.652859" elapsed="0.031996"/>
</kw>
<doc>keyword responsável por verificar se o título da página atual é "Eletrônicos e Tecnologia | Amazon.com.br"</doc>
<status status="PASS" start="2025-01-30T01:08:08.651861" elapsed="0.033993"/>
</kw>
<doc>keyword responsável por chamar as keywords para acessar a home page do site Amazon
e verificar o título da página</doc>
<status status="PASS" start="2025-01-30T01:07:57.373548" elapsed="11.312306"/>
</kw>
<kw name="Quando pesquisar pelo produto &quot;Xbox Series S&quot;" owner="kws_amazon" source_name="Quando pesquisar pelo produto &quot;${NOME_PRODUTO}&quot;">
<kw name="Digitar o nome de produto &quot;${NOME_PRODUTO}&quot; no campo de pesquisa" owner="kws_amazon" source_name="Digitar o nome de produto &quot;${NOME_PRODUTO}&quot; no campo de pesquisa">
<kw name="Click Element" owner="SeleniumLibrary">
<msg time="2025-01-30T01:08:08.690856" level="INFO">Clicking element 'id=twotabsearchtextbox'.</msg>
<arg>id=twotabsearchtextbox</arg>
<doc>Click the element identified by ``locator``.</doc>
<status status="PASS" start="2025-01-30T01:08:08.689856" elapsed="0.909938"/>
</kw>
<kw name="Input Text" owner="SeleniumLibrary">
<msg time="2025-01-30T01:08:09.600795" level="INFO">Typing text 'Xbox Series S' into text field 'id=twotabsearchtextbox'.</msg>
<arg>id=twotabsearchtextbox</arg>
<arg>text=${NOME_PRODUTO}</arg>
<doc>Types the given ``text`` into the text field identified by ``locator``.</doc>
<status status="PASS" start="2025-01-30T01:08:09.599794" elapsed="0.715956"/>
</kw>
<doc>keyword responsável por digitar o nome do produto especificado no campo de pesquisa do site Amazon</doc>
<status status="PASS" start="2025-01-30T01:08:08.688855" elapsed="1.627894"/>
</kw>
<kw name="Clicar no botão de pesquisa" owner="kws_amazon">
<kw name="Click Element" owner="SeleniumLibrary">
<msg time="2025-01-30T01:08:10.319750" level="INFO">Clicking element 'id=nav-search-submit-button'.</msg>
<arg>id=nav-search-submit-button</arg>
<doc>Click the element identified by ``locator``.</doc>
<status status="PASS" start="2025-01-30T01:08:10.318750" elapsed="6.936113"/>
</kw>
<doc>keyword responsável por clicar no botão de pesquisa do site Amazon</doc>
<status status="PASS" start="2025-01-30T01:08:10.316749" elapsed="6.939115"/>
</kw>
<doc>keyword responsável por chamar as keywords para pesquisar pelo produto "Xbox Series S"</doc>
<status status="PASS" start="2025-01-30T01:08:08.687858" elapsed="8.568006"/>
</kw>
<kw name="Então o título da página deve ficar &quot;Amazon.com.br : Xbox Series S&quot;" owner="kws_amazon" source_name="Então o título da página deve ficar &quot;${TITULO_PAGINA}&quot;">
<kw name="Verificar se o título da página fica &quot;${TITULO_PAGINA}&quot;" owner="kws_amazon" source_name="Verificar se o título da página fica &quot;${TITULO_PAGINA}&quot;">
<kw name="Title Should Be" owner="SeleniumLibrary">
<msg time="2025-01-30T01:08:18.752768" level="INFO">Page title is 'Amazon.com.br : Xbox Series S'.</msg>
<arg>title=${TITULO_PAGINA}</arg>
<doc>Verifies that the current page title equals ``title``.</doc>
<status status="PASS" start="2025-01-30T01:08:17.323860" elapsed="1.428908"/>
</kw>
<doc>keyword responsável por verificar se o título da página atual é "Eletrônicos e Tecnologia | Amazon.com.br"</doc>
<status status="PASS" start="2025-01-30T01:08:17.321860" elapsed="1.431914"/>
</kw>
<doc>keyword responsável por chamar a keyword que verificar o título atual da página</doc>
<status status="PASS" start="2025-01-30T01:08:17.319860" elapsed="1.433914"/>
</kw>
<kw name="E um produto da linha &quot;Xbox Series S&quot; deve ser mostrado na página" owner="kws_amazon" source_name="E um produto da linha &quot;${NOME_PRODUTO}&quot; deve ser mostrado na página">
<kw name="Verificar o resultado da pesquisa se está listando o produto &quot;${NOME_PRODUTO}&quot;" owner="kws_amazon" source_name="Verificar o resultado da pesquisa se está listando o produto &quot;${NOME_PRODUTO}&quot;">
<kw name="Wait Until Element Is Visible" owner="SeleniumLibrary">
<arg>locator=//h2/span[text()='${NOME_PRODUTO}']</arg>
<doc>Waits until the element ``locator`` is visible.</doc>
<status status="PASS" start="2025-01-30T01:08:18.759769" elapsed="0.597957"/>
</kw>
<doc>keyword responsável por verificar se o produto pesquisado foi listado na página de resultados da pesquisa</doc>
<status status="PASS" start="2025-01-30T01:08:18.757769" elapsed="0.599957"/>
</kw>
<doc>keyword responsável por chamar a keyword que verificar se o produto pesquisado foi listado na página de resultados da pesquisa</doc>
<status status="PASS" start="2025-01-30T01:08:18.756769" elapsed="0.601958"/>
</kw>
<kw name="Fechar o navegador" owner="kws_amazon" type="TEARDOWN">
<kw name="Capture Page Screenshot" owner="SeleniumLibrary">
<msg time="2025-01-30T01:08:19.736704" level="INFO" html="true">&lt;/td&gt;&lt;/tr&gt;&lt;tr&gt;&lt;td colspan="3"&gt;&lt;a href="selenium-screenshot-16.png"&gt;&lt;img src="selenium-screenshot-16.png" width="800px"&gt;&lt;/a&gt;</msg>
<doc>Takes a screenshot of the current page and embeds it into a log file.</doc>
<status status="PASS" start="2025-01-30T01:08:19.361729" elapsed="0.374975"/>
</kw>
<kw name="Close Browser" owner="SeleniumLibrary">
<doc>Closes the current browser.</doc>
<status status="PASS" start="2025-01-30T01:08:19.737707" elapsed="2.619715"/>
</kw>
<doc>keyword responsável por fechar o navegador escolhido</doc>
<status status="PASS" start="2025-01-30T01:08:19.359727" elapsed="2.997695"/>
</kw>
<doc>Teste que verifica a busca de produto no site da Amazon e verifica se o produto pesquisado foi listado</doc>
<tag>busca_produto</tag>
<tag>CT02</tag>
<tag>lista_produto</tag>
<status status="PASS" start="2025-01-30T01:07:53.534378" elapsed="28.824048"/>
</test>
<test id="s1-s1-t3" name="Caso de Teste 03 - Adicionar Produto no Carrinho" line="30">
<kw name="Abrir o navegador" owner="kws_amazon" type="SETUP">
<kw name="Open Browser" owner="SeleniumLibrary">
<msg time="2025-01-30T01:08:22.365424" level="INFO">Opening browser 'chrome' to base url 'None'.</msg>
<arg>browser=chrome</arg>
<arg>options=add_experimental_option("detach", True)</arg>
<doc>Opens a new browser instance to the optional ``url``.</doc>
<status status="PASS" start="2025-01-30T01:08:22.365424" elapsed="3.346736"/>
</kw>
<kw name="Maximize Browser Window" owner="SeleniumLibrary">
<doc>Maximizes current browser window.</doc>
<status status="PASS" start="2025-01-30T01:08:25.713161" elapsed="0.196988"/>
</kw>
<doc>keyword responsável por abrir o navegador escolhido</doc>
<status status="PASS" start="2025-01-30T01:08:22.364421" elapsed="3.546725"/>
</kw>
<kw name="Dado que estou na home page da Amazon.com.br" owner="kws_amazon">
<kw name="Acessar a home page do site Amazon.com.br" owner="kws_amazon">
<kw name="Go To" owner="SeleniumLibrary">
<msg time="2025-01-30T01:08:25.930143" level="INFO">Opening url 'https://www.amazon.com.br/'</msg>
<arg>url=${URL_AMAZON}</arg>
<doc>Navigates the current browser window to the provided ``url``.</doc>
<status status="PASS" start="2025-01-30T01:08:25.929146" elapsed="9.346483"/>
</kw>
<kw name="Wait Until Element Is Visible" owner="SeleniumLibrary">
<arg>locator=${MENU_CATEGORIAS}</arg>
<doc>Waits until the element ``locator`` is visible.</doc>
<status status="PASS" start="2025-01-30T01:08:35.275629" elapsed="1.389908"/>
</kw>
<doc>keyword responsável por acessar a home page do site Amazon</doc>
<status status="PASS" start="2025-01-30T01:08:25.927140" elapsed="10.739398"/>
</kw>
<kw name="Verificar se o título da página fica &quot;Amazon.com.br | Tudo pra você, de A a Z.&quot;" owner="kws_amazon" source_name="Verificar se o título da página fica &quot;${TITULO_PAGINA}&quot;">
<kw name="Title Should Be" owner="SeleniumLibrary">
<msg time="2025-01-30T01:08:36.758533" level="INFO">Page title is 'Amazon.com.br | Tudo pra você, de A a Z.'.</msg>
<arg>title=${TITULO_PAGINA}</arg>
<doc>Verifies that the current page title equals ``title``.</doc>
<status status="PASS" start="2025-01-30T01:08:36.669539" elapsed="0.088994"/>
</kw>
<doc>keyword responsável por verificar se o título da página atual é "Eletrônicos e Tecnologia | Amazon.com.br"</doc>
<status status="PASS" start="2025-01-30T01:08:36.667541" elapsed="0.090992"/>
</kw>
<doc>keyword responsável por chamar as keywords para acessar a home page do site Amazon
e verificar o título da página</doc>
<status status="PASS" start="2025-01-30T01:08:25.926145" elapsed="10.833388"/>
</kw>
<kw name="Quando adicionar o produto &quot;Xbox Series S&quot; no carrinho" owner="kws_amazon" source_name="Quando adicionar o produto &quot;${NOME_PRODUTO}&quot; no carrinho">
<kw name="Digitar o nome de produto &quot;${NOME_PRODUTO}&quot; no campo de pesquisa" owner="kws_amazon" source_name="Digitar o nome de produto &quot;${NOME_PRODUTO}&quot; no campo de pesquisa">
<kw name="Click Element" owner="SeleniumLibrary">
<msg time="2025-01-30T01:08:36.765535" level="INFO">Clicking element 'id=twotabsearchtextbox'.</msg>
<arg>id=twotabsearchtextbox</arg>
<doc>Click the element identified by ``locator``.</doc>
<status status="PASS" start="2025-01-30T01:08:36.764536" elapsed="2.360845"/>
</kw>
<kw name="Input Text" owner="SeleniumLibrary">
<msg time="2025-01-30T01:08:39.126382" level="INFO">Typing text 'Xbox Series S' into text field 'id=twotabsearchtextbox'.</msg>
<arg>id=twotabsearchtextbox</arg>
<arg>text=${NOME_PRODUTO}</arg>
<doc>Types the given ``text`` into the text field identified by ``locator``.</doc>
<status status="PASS" start="2025-01-30T01:08:39.125381" elapsed="0.505968"/>
</kw>
<doc>keyword responsável por digitar o nome do produto especificado no campo de pesquisa do site Amazon</doc>
<status status="PASS" start="2025-01-30T01:08:36.763535" elapsed="2.867814"/>
</kw>
<kw name="Clicar no botão de pesquisa" owner="kws_amazon">
<kw name="Click Element" owner="SeleniumLibrary">
<msg time="2025-01-30T01:08:39.634347" level="INFO">Clicking element 'id=nav-search-submit-button'.</msg>
<arg>id=nav-search-submit-button</arg>
<doc>Click the element identified by ``locator``.</doc>
<status status="PASS" start="2025-01-30T01:08:39.633349" elapsed="5.224105"/>
</kw>
<doc>keyword responsável por clicar no botão de pesquisa do site Amazon</doc>
<status status="PASS" start="2025-01-30T01:08:39.632350" elapsed="5.225104"/>
</kw>
<kw name="Verificar o resultado da pesquisa se está listando o produto &quot;${NOME_PRODUTO}&quot;" owner="kws_amazon" source_name="Verificar o resultado da pesquisa se está listando o produto &quot;${NOME_PRODUTO}&quot;">
<kw name="Wait Until Element Is Visible" owner="SeleniumLibrary">
<arg>locator=//h2/span[text()='${NOME_PRODUTO}']</arg>
<doc>Waits until the element ``locator`` is visible.</doc>
<status status="PASS" start="2025-01-30T01:08:44.859457" elapsed="0.921939"/>
</kw>
<doc>keyword responsável por verificar se o produto pesquisado foi listado na página de resultados da pesquisa</doc>
<status status="PASS" start="2025-01-30T01:08:44.858456" elapsed="0.922940"/>
</kw>
<kw name="Adicionar o produto &quot;${NOME_PRODUTO}&quot; no carrinho" owner="kws_amazon" source_name="Adicionar o produto &quot;${NOME_PRODUTO}&quot; no carrinho">
<kw name="Click Element" owner="SeleniumLibrary">
<msg time="2025-01-30T01:08:45.785397" level="INFO">Clicking element '//h2/span[text()='Xbox Series S']'.</msg>
<arg>locator=//h2/span[text()='${NOME_PRODUTO}']</arg>
<doc>Click the element identified by ``locator``.</doc>
<status status="PASS" start="2025-01-30T01:08:45.784396" elapsed="7.164422"/>
</kw>
<kw name="Verificar se o título da página fica &quot;Xbox Series S : Amazon.com.br: Games e Consoles&quot;" owner="kws_amazon" source_name="Verificar se o título da página fica &quot;${TITULO_PAGINA}&quot;">
<kw name="Title Should Be" owner="SeleniumLibrary">
<msg time="2025-01-30T01:08:54.098743" level="INFO">Page title is 'Xbox Series S : Amazon.com.br: Games e Consoles'.</msg>
<arg>title=${TITULO_PAGINA}</arg>
<doc>Verifies that the current page title equals ``title``.</doc>
<status status="PASS" start="2025-01-30T01:08:52.950822" elapsed="1.148924"/>
</kw>
<doc>keyword responsável por verificar se o título da página atual é "Eletrônicos e Tecnologia | Amazon.com.br"</doc>
<status status="PASS" start="2025-01-30T01:08:52.949822" elapsed="1.149924"/>
</kw>
<kw name="Wait Until Element Is Visible" owner="SeleniumLibrary">
<arg>locator=add-to-cart-button</arg>
<doc>Waits until the element ``locator`` is visible.</doc>
<status status="PASS" start="2025-01-30T01:08:54.099746" elapsed="0.899939"/>
</kw>
<kw name="Click Element" owner="SeleniumLibrary">
<msg time="2025-01-30T01:08:55.000682" level="INFO">Clicking element 'add-to-cart-button'.</msg>
<arg>locator=add-to-cart-button</arg>
<doc>Click the element identified by ``locator``.</doc>
<status status="PASS" start="2025-01-30T01:08:55.000682" elapsed="3.525233"/>
</kw>
<kw name="Run Keyword And Return Status" owner="BuiltIn">
<kw name="Element Should Be Visible" owner="SeleniumLibrary">
<msg time="2025-01-30T01:08:59.515853" level="INFO" html="true">&lt;/td&gt;&lt;/tr&gt;&lt;tr&gt;&lt;td colspan="3"&gt;&lt;a href="selenium-screenshot-17.png"&gt;&lt;img src="selenium-screenshot-17.png" width="800px"&gt;&lt;/a&gt;</msg>
<msg time="2025-01-30T01:08:59.515853" level="FAIL">Element with locator '//span[@id='attach-warranty-displayTitle' and contains(text(), 'Garantia Estendida de 12 meses')]' not found.</msg>
<arg>locator=${TEXTO_GARANTIA_ESTENDIDA_PRODUTO}</arg>
<doc>Verifies that the element identified by ``locator`` is visible.</doc>
<status status="FAIL" start="2025-01-30T01:08:58.526912" elapsed="1.000938">Element with locator '//span[@id='attach-warranty-displayTitle' and contains(text(), 'Garantia Estendida de 12 meses')]' not found.</status>
</kw>
<msg time="2025-01-30T01:08:59.527850" level="INFO">${STATUS} = False</msg>
<var>${STATUS}</var>
<arg>Element Should Be Visible</arg>
<arg>locator=${TEXTO_GARANTIA_ESTENDIDA_PRODUTO}</arg>
<doc>Runs the given keyword with given arguments and returns the status as a Boolean value.</doc>
<status status="PASS" start="2025-01-30T01:08:58.526912" elapsed="1.000938"/>
</kw>
<kw name="Run Keyword If" owner="BuiltIn">
<arg>'${STATUS}' == 'True'</arg>
<arg>Click Element</arg>
<arg>locator=${BTN_GARANTIA_ESTENDIDA_PRODUTO}</arg>
<doc>Runs the given keyword with the given arguments, if ``condition`` is true.</doc>
<status status="PASS" start="2025-01-30T01:08:59.528849" elapsed="0.000999"/>
</kw>
<kw name="Wait Until Element Is Visible" owner="SeleniumLibrary">
<arg>locator=${TEXTO_ADICIONADO_CARRINHO}</arg>
<doc>Waits until the element ``locator`` is visible.</doc>
<status status="PASS" start="2025-01-30T01:08:59.530851" elapsed="0.347963"/>
</kw>
<doc>keyword responsável por adicionar o produto "Xbox Series S" no carrinho de compras</doc>
<status status="PASS" start="2025-01-30T01:08:45.782395" elapsed="14.096419"/>
</kw>
<doc>keyword responsável por chamar as keywords para adicionar o produto "Xbox Series S" no carrinho de compras</doc>
<status status="PASS" start="2025-01-30T01:08:36.761531" elapsed="23.118282"/>
</kw>
<kw name="Então o produto &quot;Xbox Series S&quot; deve ser mostrado no carrinho" owner="kws_amazon" source_name="Então o produto &quot;${NOME_PRODUTO}&quot; deve ser mostrado no carrinho">
<kw name="Verificar se o produto &quot;${NOME_PRODUTO}&quot; foi adicionado com sucesso" owner="kws_amazon" source_name="Verificar se o produto &quot;${NOME_PRODUTO}&quot; foi adicionado com sucesso">
<kw name="Click Element" owner="SeleniumLibrary">
<msg time="2025-01-30T01:08:59.883812" level="INFO">Clicking element '//span[@id='sw-gtc']//a'.</msg>
<arg>locator=${BTN_ADICIONAR_CARRINHO}</arg>
<doc>Click the element identified by ``locator``.</doc>
<status status="PASS" start="2025-01-30T01:08:59.883812" elapsed="2.502663"/>
</kw>
<kw name="Verificar se o título da página fica &quot;Carrinho de compras da Amazon.com&quot;" owner="kws_amazon" source_name="Verificar se o título da página fica &quot;${TITULO_PAGINA}&quot;">
<kw name="Title Should Be" owner="SeleniumLibrary">
<msg time="2025-01-30T01:09:02.438473" level="INFO">Page title is 'Carrinho de compras da Amazon.com'.</msg>
<arg>title=${TITULO_PAGINA}</arg>
<doc>Verifies that the current page title equals ``title``.</doc>
<status status="PASS" start="2025-01-30T01:09:02.388476" elapsed="0.050998"/>
</kw>
<doc>keyword responsável por verificar se o título da página atual é "Eletrônicos e Tecnologia | Amazon.com.br"</doc>
<status status="PASS" start="2025-01-30T01:09:02.387477" elapsed="0.051997"/>
</kw>
<kw name="Wait Until Element Is Visible" owner="SeleniumLibrary">
<arg>locator=//span[contains(@class, 'a-truncate-cut') and contains(text(), '${NOME_PRODUTO}')]</arg>
<doc>Waits until the element ``locator`` is visible.</doc>
<status status="PASS" start="2025-01-30T01:09:02.439474" elapsed="0.071990"/>
</kw>
<doc>keyword responsável por verificar se o produto "Xbox Series S" foi adicionado com sucesso no carrinho de compras</doc>
<status status="PASS" start="2025-01-30T01:08:59.881811" elapsed="2.630657"/>
</kw>
<doc>keyword responsável por chamar a keyword que verificar se o produto "Xbox Series S" foi adicionado com sucesso no carrinho de compras</doc>
<status status="PASS" start="2025-01-30T01:08:59.880815" elapsed="2.631653"/>
</kw>
<kw name="Fechar o navegador" owner="kws_amazon" type="TEARDOWN">
<kw name="Capture Page Screenshot" owner="SeleniumLibrary">
<msg time="2025-01-30T01:09:02.786450" level="INFO" html="true">&lt;/td&gt;&lt;/tr&gt;&lt;tr&gt;&lt;td colspan="3"&gt;&lt;a href="selenium-screenshot-18.png"&gt;&lt;img src="selenium-screenshot-18.png" width="800px"&gt;&lt;/a&gt;</msg>
<doc>Takes a screenshot of the current page and embeds it into a log file.</doc>
<status status="PASS" start="2025-01-30T01:09:02.516473" elapsed="0.272975"/>
</kw>
<kw name="Close Browser" owner="SeleniumLibrary">
<doc>Closes the current browser.</doc>
<status status="PASS" start="2025-01-30T01:09:02.790450" elapsed="2.737148"/>
</kw>
<doc>keyword responsável por fechar o navegador escolhido</doc>
<status status="PASS" start="2025-01-30T01:09:02.513464" elapsed="3.014134"/>
</kw>
<doc>Teste que verifica a inclusão de um produto no carrinho de compras do site Amazon</doc>
<tag>adicionar_carrinho</tag>
<tag>CT03</tag>
<status status="PASS" start="2025-01-30T01:08:22.361422" elapsed="43.167185"/>
</test>
<test id="s1-s1-t4" name="Caso de Teste 04 - Remover Produto do Carrinho" line="37">
<kw name="Abrir o navegador" owner="kws_amazon" type="SETUP">
<kw name="Open Browser" owner="SeleniumLibrary">
<msg time="2025-01-30T01:09:05.536616" level="INFO">Opening browser 'chrome' to base url 'None'.</msg>
<arg>browser=chrome</arg>
<arg>options=add_experimental_option("detach", True)</arg>
<doc>Opens a new browser instance to the optional ``url``.</doc>
<status status="PASS" start="2025-01-30T01:09:05.535604" elapsed="4.366957"/>
</kw>
<kw name="Maximize Browser Window" owner="SeleniumLibrary">
<doc>Maximizes current browser window.</doc>
<status status="PASS" start="2025-01-30T01:09:09.903560" elapsed="0.099006"/>
</kw>
<doc>keyword responsável por abrir o navegador escolhido</doc>
<status status="PASS" start="2025-01-30T01:09:05.533616" elapsed="4.469940"/>
</kw>
<kw name="Dado que estou na home page da Amazon.com.br" owner="kws_amazon">
<kw name="Acessar a home page do site Amazon.com.br" owner="kws_amazon">
<kw name="Go To" owner="SeleniumLibrary">
<msg time="2025-01-30T01:09:10.008552" level="INFO">Opening url 'https://www.amazon.com.br/'</msg>
<arg>url=${URL_AMAZON}</arg>
<doc>Navigates the current browser window to the provided ``url``.</doc>
<status status="PASS" start="2025-01-30T01:09:10.008552" elapsed="9.806079"/>
</kw>
<kw name="Wait Until Element Is Visible" owner="SeleniumLibrary">
<arg>locator=${MENU_CATEGORIAS}</arg>
<doc>Waits until the element ``locator`` is visible.</doc>
<status status="PASS" start="2025-01-30T01:09:19.815633" elapsed="0.446968"/>
</kw>
<doc>keyword responsável por acessar a home page do site Amazon</doc>
<status status="PASS" start="2025-01-30T01:09:10.007553" elapsed="10.256060"/>
</kw>
<kw name="Verificar se o título da página fica &quot;Amazon.com.br | Tudo pra você, de A a Z.&quot;" owner="kws_amazon" source_name="Verificar se o título da página fica &quot;${TITULO_PAGINA}&quot;">
<kw name="Title Should Be" owner="SeleniumLibrary">
<msg time="2025-01-30T01:09:20.486586" level="INFO">Page title is 'Amazon.com.br | Tudo pra você, de A a Z.'.</msg>
<arg>title=${TITULO_PAGINA}</arg>
<doc>Verifies that the current page title equals ``title``.</doc>
<status status="PASS" start="2025-01-30T01:09:20.268606" elapsed="0.217980"/>
</kw>
<doc>keyword responsável por verificar se o título da página atual é "Eletrônicos e Tecnologia | Amazon.com.br"</doc>
<status status="PASS" start="2025-01-30T01:09:20.266602" elapsed="0.220986"/>
</kw>
<doc>keyword responsável por chamar as keywords para acessar a home page do site Amazon
e verificar o título da página</doc>
<status status="PASS" start="2025-01-30T01:09:10.005559" elapsed="10.482029"/>
</kw>
<kw name="E existe o produto &quot;Xbox Series S&quot; no carrinho" owner="kws_amazon" source_name="E existe o produto &quot;${NOME_PRODUTO}&quot; no carrinho">
<kw name="Digitar o nome de produto &quot;${NOME_PRODUTO}&quot; no campo de pesquisa" owner="kws_amazon" source_name="Digitar o nome de produto &quot;${NOME_PRODUTO}&quot; no campo de pesquisa">
<kw name="Click Element" owner="SeleniumLibrary">
<msg time="2025-01-30T01:09:20.496588" level="INFO">Clicking element 'id=twotabsearchtextbox'.</msg>
<arg>id=twotabsearchtextbox</arg>
<doc>Click the element identified by ``locator``.</doc>
<status status="PASS" start="2025-01-30T01:09:20.495591" elapsed="1.354912"/>
</kw>
<kw name="Input Text" owner="SeleniumLibrary">
<msg time="2025-01-30T01:09:21.853500" level="INFO">Typing text 'Xbox Series S' into text field 'id=twotabsearchtextbox'.</msg>
<arg>id=twotabsearchtextbox</arg>
<arg>text=${NOME_PRODUTO}</arg>
<doc>Types the given ``text`` into the text field identified by ``locator``.</doc>
<status status="PASS" start="2025-01-30T01:09:21.852503" elapsed="0.739952"/>
</kw>
<doc>keyword responsável por digitar o nome do produto especificado no campo de pesquisa do site Amazon</doc>
<status status="PASS" start="2025-01-30T01:09:20.494589" elapsed="2.098864"/>
</kw>
<kw name="Clicar no botão de pesquisa" owner="kws_amazon">
<kw name="Click Element" owner="SeleniumLibrary">
<msg time="2025-01-30T01:09:22.596458" level="INFO">Clicking element 'id=nav-search-submit-button'.</msg>
<arg>id=nav-search-submit-button</arg>
<doc>Click the element identified by ``locator``.</doc>
<status status="PASS" start="2025-01-30T01:09:22.595452" elapsed="6.395125"/>
</kw>
<doc>keyword responsável por clicar no botão de pesquisa do site Amazon</doc>
<status status="PASS" start="2025-01-30T01:09:22.593453" elapsed="6.398129"/>
</kw>
<kw name="Verificar o resultado da pesquisa se está listando o produto &quot;${NOME_PRODUTO}&quot;" owner="kws_amazon" source_name="Verificar o resultado da pesquisa se está listando o produto &quot;${NOME_PRODUTO}&quot;">
<kw name="Wait Until Element Is Visible" owner="SeleniumLibrary">
<arg>locator=//h2/span[text()='${NOME_PRODUTO}']</arg>
<doc>Waits until the element ``locator`` is visible.</doc>
<status status="PASS" start="2025-01-30T01:09:28.993580" elapsed="1.270914"/>
</kw>
<doc>keyword responsável por verificar se o produto pesquisado foi listado na página de resultados da pesquisa</doc>
<status status="PASS" start="2025-01-30T01:09:28.991582" elapsed="1.273912"/>
</kw>
<kw name="Adicionar o produto &quot;${NOME_PRODUTO}&quot; no carrinho" owner="kws_amazon" source_name="Adicionar o produto &quot;${NOME_PRODUTO}&quot; no carrinho">
<kw name="Click Element" owner="SeleniumLibrary">
<msg time="2025-01-30T01:09:30.268493" level="INFO">Clicking element '//h2/span[text()='Xbox Series S']'.</msg>
<arg>locator=//h2/span[text()='${NOME_PRODUTO}']</arg>
<doc>Click the element identified by ``locator``.</doc>
<status status="PASS" start="2025-01-30T01:09:30.267494" elapsed="10.899963"/>
</kw>
<kw name="Verificar se o título da página fica &quot;Xbox Series S : Amazon.com.br: Games e Consoles&quot;" owner="kws_amazon" source_name="Verificar se o título da página fica &quot;${TITULO_PAGINA}&quot;">
<kw name="Title Should Be" owner="SeleniumLibrary">
<msg time="2025-01-30T01:09:41.282449" level="INFO">Page title is 'Xbox Series S : Amazon.com.br: Games e Consoles'.</msg>
<arg>title=${TITULO_PAGINA}</arg>
<doc>Verifies that the current page title equals ``title``.</doc>
<status status="PASS" start="2025-01-30T01:09:41.169455" elapsed="0.113991"/>
</kw>
<doc>keyword responsável por verificar se o título da página atual é "Eletrônicos e Tecnologia | Amazon.com.br"</doc>
<status status="PASS" start="2025-01-30T01:09:41.168455" elapsed="0.114991"/>
</kw>
<kw name="Wait Until Element Is Visible" owner="SeleniumLibrary">
<arg>locator=add-to-cart-button</arg>
<doc>Waits until the element ``locator`` is visible.</doc>
<status status="PASS" start="2025-01-30T01:09:41.284450" elapsed="0.368974"/>
</kw>
<kw name="Click Element" owner="SeleniumLibrary">
<msg time="2025-01-30T01:09:41.654427" level="INFO">Clicking element 'add-to-cart-button'.</msg>
<arg>locator=add-to-cart-button</arg>
<doc>Click the element identified by ``locator``.</doc>
<status status="PASS" start="2025-01-30T01:09:41.653424" elapsed="2.201864"/>
</kw>
<kw name="Run Keyword And Return Status" owner="BuiltIn">
<kw name="Element Should Be Visible" owner="SeleniumLibrary">
<msg time="2025-01-30T01:09:46.814094" level="INFO" html="true">&lt;/td&gt;&lt;/tr&gt;&lt;tr&gt;&lt;td colspan="3"&gt;&lt;a href="selenium-screenshot-19.png"&gt;&lt;img src="selenium-screenshot-19.png" width="800px"&gt;&lt;/a&gt;</msg>
<msg time="2025-01-30T01:09:46.814094" level="FAIL">Element with locator '//span[@id='attach-warranty-displayTitle' and contains(text(), 'Garantia Estendida de 12 meses')]' not found.</msg>
<arg>locator=${TEXTO_GARANTIA_ESTENDIDA_PRODUTO}</arg>
<doc>Verifies that the element identified by ``locator`` is visible.</doc>
<status status="FAIL" start="2025-01-30T01:09:43.856284" elapsed="2.960810">Element with locator '//span[@id='attach-warranty-displayTitle' and contains(text(), 'Garantia Estendida de 12 meses')]' not found.</status>
</kw>
<msg time="2025-01-30T01:09:46.818095" level="INFO">${STATUS} = False</msg>
<var>${STATUS}</var>
<arg>Element Should Be Visible</arg>
<arg>locator=${TEXTO_GARANTIA_ESTENDIDA_PRODUTO}</arg>
<doc>Runs the given keyword with given arguments and returns the status as a Boolean value.</doc>
<status status="PASS" start="2025-01-30T01:09:43.856284" elapsed="2.961811"/>
</kw>
<kw name="Run Keyword If" owner="BuiltIn">
<arg>'${STATUS}' == 'True'</arg>
<arg>Click Element</arg>
<arg>locator=${BTN_GARANTIA_ESTENDIDA_PRODUTO}</arg>
<doc>Runs the given keyword with the given arguments, if ``condition`` is true.</doc>
<status status="PASS" start="2025-01-30T01:09:46.819096" elapsed="0.001000"/>
</kw>
<kw name="Wait Until Element Is Visible" owner="SeleniumLibrary">
<arg>locator=${TEXTO_ADICIONADO_CARRINHO}</arg>
<doc>Waits until the element ``locator`` is visible.</doc>
<status status="PASS" start="2025-01-30T01:09:46.821092" elapsed="0.869945"/>
</kw>
<doc>keyword responsável por adicionar o produto "Xbox Series S" no carrinho de compras</doc>
<status status="PASS" start="2025-01-30T01:09:30.266494" elapsed="17.424543"/>
</kw>
<kw name="Verificar se o produto &quot;${NOME_PRODUTO}&quot; foi adicionado com sucesso" owner="kws_amazon" source_name="Verificar se o produto &quot;${NOME_PRODUTO}&quot; foi adicionado com sucesso">
<kw name="Click Element" owner="SeleniumLibrary">
<msg time="2025-01-30T01:09:47.699034" level="INFO">Clicking element '//span[@id='sw-gtc']//a'.</msg>
<arg>locator=${BTN_ADICIONAR_CARRINHO}</arg>
<doc>Click the element identified by ``locator``.</doc>
<status status="PASS" start="2025-01-30T01:09:47.698036" elapsed="3.497779"/>
</kw>
<kw name="Verificar se o título da página fica &quot;Carrinho de compras da Amazon.com&quot;" owner="kws_amazon" source_name="Verificar se o título da página fica &quot;${TITULO_PAGINA}&quot;">
<kw name="Title Should Be" owner="SeleniumLibrary">
<msg time="2025-01-30T01:09:51.231809" level="INFO">Page title is 'Carrinho de compras da Amazon.com'.</msg>
<arg>title=${TITULO_PAGINA}</arg>
<doc>Verifies that the current page title equals ``title``.</doc>
<status status="PASS" start="2025-01-30T01:09:51.197811" elapsed="0.033998"/>
</kw>
<doc>keyword responsável por verificar se o título da página atual é "Eletrônicos e Tecnologia | Amazon.com.br"</doc>
<status status="PASS" start="2025-01-30T01:09:51.196814" elapsed="0.034995"/>
</kw>
<kw name="Wait Until Element Is Visible" owner="SeleniumLibrary">
<arg>locator=//span[contains(@class, 'a-truncate-cut') and contains(text(), '${NOME_PRODUTO}')]</arg>
<doc>Waits until the element ``locator`` is visible.</doc>
<status status="PASS" start="2025-01-30T01:09:51.234810" elapsed="0.076996"/>
</kw>
<doc>keyword responsável por verificar se o produto "Xbox Series S" foi adicionado com sucesso no carrinho de compras</doc>
<status status="PASS" start="2025-01-30T01:09:47.692039" elapsed="3.619767"/>
</kw>
<doc>keyword responsável por chamar a keyword que verificar se o produto "Xbox Series S" foi adicionado com sucesso no carrinho de compras</doc>
<status status="PASS" start="2025-01-30T01:09:20.492586" elapsed="30.819220"/>
</kw>
<kw name="Quando remover o produto &quot;Xbox Series S&quot; do carrinho" owner="kws_amazon" source_name="Quando remover o produto &quot;${NOME_PRODUTO}&quot; do carrinho">
<kw name="Remover o produto &quot;${NOME_PRODUTO}&quot; do carrinho" owner="kws_amazon" source_name="Remover o produto &quot;${NOME_PRODUTO}&quot; do carrinho">
<kw name="Click Element" owner="SeleniumLibrary">
<msg time="2025-01-30T01:09:51.318801" level="INFO">Clicking element '//input[@type='submit' and @value='Excluir']'.</msg>
<arg>locator=${BTN_REMOVER_CARRINHO}</arg>
<doc>Click the element identified by ``locator``.</doc>
<status status="PASS" start="2025-01-30T01:09:51.317802" elapsed="0.708957"/>
</kw>
<doc>keyword responsável por remover o produto "Xbox Series S" do carrinho de compras</doc>
<status status="PASS" start="2025-01-30T01:09:51.316807" elapsed="0.710950"/>
</kw>
<doc>keyword responsável por chamar as keywords para remover o produto "Xbox Series S" do carrinho de compras</doc>
<status status="PASS" start="2025-01-30T01:09:51.315805" elapsed="0.711952"/>
</kw>
<kw name="Então o carrinho deve ficar vazio" owner="kws_amazon">
<kw name="Verificar se o carrinho fica vazio" owner="kws_amazon">
<kw name="Page Should Contain Element" owner="SeleniumLibrary">
<msg time="2025-01-30T01:09:52.083761" level="INFO">Current page contains element '//span[@class='a-size-base sc-list-item-removed-msg-text-delete'][contains(., 'foi removido de Carrinho de compras')]'.</msg>
<arg>locator=${MENSAGEM_EXCLUSAO_PRODUTO}</arg>
<doc>Verifies that element ``locator`` is found on the current page.</doc>
<status status="PASS" start="2025-01-30T01:09:52.032758" elapsed="0.051003"/>
</kw>
<kw name="Reload Page" owner="SeleniumLibrary">
<doc>Simulates user reloading page.</doc>
<status status="PASS" start="2025-01-30T01:09:52.083761" elapsed="1.734885"/>
</kw>
<kw name="Wait Until Element Is Visible" owner="SeleniumLibrary">
<arg>locator=${MENSAGEM_CARRINHO_VAZIO}</arg>
<doc>Waits until the element ``locator`` is visible.</doc>
<status status="PASS" start="2025-01-30T01:09:53.819644" elapsed="0.241984"/>
</kw>
<doc>keyword responsável por verificar se o carrinho de compras está vazio</doc>
<status status="PASS" start="2025-01-30T01:09:52.030759" elapsed="2.030869"/>
</kw>
<doc>keyword responsável por chamar a keyword que verificar se o carrinho de compras está vazio</doc>
<status status="PASS" start="2025-01-30T01:09:52.028757" elapsed="2.033870"/>
</kw>
<kw name="Fechar o navegador" owner="kws_amazon" type="TEARDOWN">
<kw name="Capture Page Screenshot" owner="SeleniumLibrary">
<msg time="2025-01-30T01:09:54.314612" level="INFO" html="true">&lt;/td&gt;&lt;/tr&gt;&lt;tr&gt;&lt;td colspan="3"&gt;&lt;a href="selenium-screenshot-20.png"&gt;&lt;img src="selenium-screenshot-20.png" width="800px"&gt;&lt;/a&gt;</msg>
<doc>Takes a screenshot of the current page and embeds it into a log file.</doc>
<status status="PASS" start="2025-01-30T01:09:54.066629" elapsed="0.247983"/>
</kw>
<kw name="Close Browser" owner="SeleniumLibrary">
<doc>Closes the current browser.</doc>
<status status="PASS" start="2025-01-30T01:09:54.315615" elapsed="2.588477"/>
</kw>
<doc>keyword responsável por fechar o navegador escolhido</doc>
<status status="PASS" start="2025-01-30T01:09:54.064629" elapsed="2.840643"/>
</kw>
<doc>Esse teste verifica a remoção de um produto no carrinho de compras do site Amazon</doc>
<tag>CT04</tag>
<tag>remover_carrinho</tag>
<status status="PASS" start="2025-01-30T01:09:05.530605" elapsed="51.376483"/>
</test>
<doc>Esta suíte de testes verifica as funcionalidades do site Amazon.com.br -
Exempos de Casos de Teste - Gherkin (BDD)
Autora:  Sthefany Albuquerque Ricardo
Data:  28/01/2025</doc>
<status status="PASS" start="2025-01-30T01:07:23.165204" elapsed="153.755556"/>
</suite>
<suite id="s1-s2" name="Amazon Testes Processuais" source="C:\workspace\curso-robot-framework-basico-may\web_testing\tests\amazon_testes_processuais.robot">
<test id="s1-s2-t1" name="Caso de Teste 01 - Acesso ao menu &quot;Eletrônicos&quot;" line="11">
<kw name="Abrir o navegador" owner="kws_amazon" type="SETUP">
<kw name="Open Browser" owner="SeleniumLibrary">
<msg time="2025-01-30T01:09:56.970748" level="INFO">Opening browser 'chrome' to base url 'None'.</msg>
<arg>browser=chrome</arg>
<arg>options=add_experimental_option("detach", True)</arg>
<doc>Opens a new browser instance to the optional ``url``.</doc>
<status status="PASS" start="2025-01-30T01:09:56.970748" elapsed="4.035494"/>
</kw>
<kw name="Maximize Browser Window" owner="SeleniumLibrary">
<doc>Maximizes current browser window.</doc>
<status status="PASS" start="2025-01-30T01:10:01.007245" elapsed="0.132991"/>
</kw>
<doc>keyword responsável por abrir o navegador escolhido</doc>
<status status="PASS" start="2025-01-30T01:09:56.969755" elapsed="4.171478"/>
</kw>
<kw name="Acessar a home page do site Amazon.com.br" owner="kws_amazon">
<kw name="Go To" owner="SeleniumLibrary">
<msg time="2025-01-30T01:10:01.146233" level="INFO">Opening url 'https://www.amazon.com.br/'</msg>
<arg>url=${URL_AMAZON}</arg>
<doc>Navigates the current browser window to the provided ``url``.</doc>
<status status="PASS" start="2025-01-30T01:10:01.144236" elapsed="11.749196"/>
</kw>
<kw name="Wait Until Element Is Visible" owner="SeleniumLibrary">
<arg>locator=${MENU_CATEGORIAS}</arg>
<doc>Waits until the element ``locator`` is visible.</doc>
<status status="PASS" start="2025-01-30T01:10:12.893432" elapsed="0.293982"/>
</kw>
<doc>keyword responsável por acessar a home page do site Amazon</doc>
<status status="PASS" start="2025-01-30T01:10:01.142233" elapsed="12.045181"/>
</kw>
<kw name="Verificar se o título da página fica &quot;Amazon.com.br | Tudo pra você, de A a Z.&quot;" owner="kws_amazon" source_name="Verificar se o título da página fica &quot;${TITULO_PAGINA}&quot;">
<kw name="Title Should Be" owner="SeleniumLibrary">
<msg time="2025-01-30T01:10:13.309402" level="INFO">Page title is 'Amazon.com.br | Tudo pra você, de A a Z.'.</msg>
<arg>title=${TITULO_PAGINA}</arg>
<doc>Verifies that the current page title equals ``title``.</doc>
<status status="PASS" start="2025-01-30T01:10:13.192415" elapsed="0.116987"/>
</kw>
<doc>keyword responsável por verificar se o título da página atual é "Eletrônicos e Tecnologia | Amazon.com.br"</doc>
<status status="PASS" start="2025-01-30T01:10:13.191415" elapsed="0.117987"/>
</kw>
<kw name="Entrar no menu &quot;Eletrônicos&quot;" owner="kws_amazon" source_name="Entrar no menu &quot;${NOME_CATEGORIA_MENU}&quot;">
<kw name="Click Element" owner="SeleniumLibrary">
<msg time="2025-01-30T01:10:13.314409" level="INFO">Clicking element '//a[contains(text(),'Eletrônicos')]'.</msg>
<arg>locator=//a[contains(text(),'${NOME_CATEGORIA_MENU}')]</arg>
<doc>Click the element identified by ``locator``.</doc>
<status status="PASS" start="2025-01-30T01:10:13.313406" elapsed="7.408520"/>
</kw>
<doc>keyword responsável por acessar a categoria Eletrônicos no menu da home page do site Amazon</doc>
<status status="PASS" start="2025-01-30T01:10:13.311401" elapsed="7.411534"/>
</kw>
<kw name="Verificar se o título da página fica &quot;Eletrônicos e Tecnologia | Amazon.com.br&quot;" owner="kws_amazon" source_name="Verificar se o título da página fica &quot;${TITULO_PAGINA}&quot;">
<kw name="Title Should Be" owner="SeleniumLibrary">
<msg time="2025-01-30T01:10:21.229896" level="INFO">Page title is 'Eletrônicos e Tecnologia | Amazon.com.br'.</msg>
<arg>title=${TITULO_PAGINA}</arg>
<doc>Verifies that the current page title equals ``title``.</doc>
<status status="PASS" start="2025-01-30T01:10:20.769923" elapsed="0.459973"/>
</kw>
<doc>keyword responsável por verificar se o título da página atual é "Eletrônicos e Tecnologia | Amazon.com.br"</doc>
<status status="PASS" start="2025-01-30T01:10:20.767925" elapsed="0.462971"/>
</kw>
<kw name="Verificar se aparece a frase &quot;Eletrônicos e Tecnologia&quot;" owner="kws_amazon" source_name="Verificar se aparece a frase &quot;${TITULO_PAGINA_ELETRONICOS}&quot;">
<kw name="Wait Until Page Contains" owner="SeleniumLibrary">
<arg>text=${TITULO_PAGINA_ELETRONICOS}</arg>
<doc>Waits until ``text`` appears on the current page.</doc>
<status status="PASS" start="2025-01-30T01:10:21.232895" elapsed="0.153993"/>
</kw>
<kw name="Wait Until Element Is Visible" owner="SeleniumLibrary">
<arg>locator=//span[text()='${TITULO_PAGINA_ELETRONICOS}']</arg>
<doc>Waits until the element ``locator`` is visible.</doc>
<status status="PASS" start="2025-01-30T01:10:21.387889" elapsed="0.108991"/>
</kw>
<doc>keyword responsável por verificar se aparece a frase "Eletrônicos e Tecnologia" na página de Eletrônicos</doc>
<status status="PASS" start="2025-01-30T01:10:21.231897" elapsed="0.264983"/>
</kw>
<kw name="Verificar se aparece a categoria &quot;Computadores e Informática&quot;" owner="kws_amazon" source_name="Verificar se aparece a categoria &quot;${NOME_CATEGORIA}&quot;">
<kw name="Element Should Be Visible" owner="SeleniumLibrary">
<msg time="2025-01-30T01:10:21.603870" level="INFO">Element '//li[@class='a-carousel-card dcl-carousel-element']//div[@class='a-cardui-footer dcl-card-footer']//span[text()='Computadores e Informática']' is displayed.</msg>
<arg>locator=${SUBCATEGORIA_COMPUTADORES_E_INFORMATICA}//span[text()='${NOME_CATEGORIA}']</arg>
<doc>Verifies that the element identified by ``locator`` is visible.</doc>
<status status="PASS" start="2025-01-30T01:10:21.498878" elapsed="0.104992"/>
</kw>
<doc>keyword responsável por verificar se aparece a categoria "Computadores e Informática" na página de Eletrônicos</doc>
<status status="PASS" start="2025-01-30T01:10:21.497876" elapsed="0.106995"/>
</kw>
<kw name="Verificar se aparece a categoria &quot;Áudio e Som&quot;" owner="kws_amazon" source_name="Verificar se aparece a categoria &quot;${NOME_CATEGORIA}&quot;">
<kw name="Element Should Be Visible" owner="SeleniumLibrary">
<msg time="2025-01-30T01:10:21.719863" level="INFO">Element '//li[@class='a-carousel-card dcl-carousel-element']//div[@class='a-cardui-footer dcl-card-footer']//span[text()='Áudio e Som']' is displayed.</msg>
<arg>locator=${SUBCATEGORIA_COMPUTADORES_E_INFORMATICA}//span[text()='${NOME_CATEGORIA}']</arg>
<doc>Verifies that the element identified by ``locator`` is visible.</doc>
<status status="PASS" start="2025-01-30T01:10:21.606871" elapsed="0.112992"/>
</kw>
<doc>keyword responsável por verificar se aparece a categoria "Computadores e Informática" na página de Eletrônicos</doc>
<status status="PASS" start="2025-01-30T01:10:21.605871" elapsed="0.113992"/>
</kw>
<kw name="Fechar o navegador" owner="kws_amazon" type="TEARDOWN">
<kw name="Capture Page Screenshot" owner="SeleniumLibrary">
<msg time="2025-01-30T01:10:22.080840" level="INFO" html="true">&lt;/td&gt;&lt;/tr&gt;&lt;tr&gt;&lt;td colspan="3"&gt;&lt;a href="selenium-screenshot-21.png"&gt;&lt;img src="selenium-screenshot-21.png" width="800px"&gt;&lt;/a&gt;</msg>
<doc>Takes a screenshot of the current page and embeds it into a log file.</doc>
<status status="PASS" start="2025-01-30T01:10:21.722864" elapsed="0.357976"/>
</kw>
<kw name="Close Browser" owner="SeleniumLibrary">
<doc>Closes the current browser.</doc>
<status status="PASS" start="2025-01-30T01:10:22.081840" elapsed="2.775805"/>
</kw>
<doc>keyword responsável por fechar o navegador escolhido</doc>
<status status="PASS" start="2025-01-30T01:10:21.720862" elapsed="3.137792"/>
</kw>
<doc>Teste que verifica a busca de categorias no principal menu do site da Amazom e verifica a subcategoria "Computadores e
Informática" na página de Eletrônicos</doc>
<tag>categorias</tag>
<tag>CT01</tag>
<tag>menus</tag>
<status status="PASS" start="2025-01-30T01:09:56.966751" elapsed="27.895132"/>
</test>
<test id="s1-s2-t2" name="Caso de Teste 02 - Pesquisa de um Produto" line="23">
<kw name="Abrir o navegador" owner="kws_amazon" type="SETUP">
<kw name="Open Browser" owner="SeleniumLibrary">
<msg time="2025-01-30T01:10:24.879467" level="INFO">Opening browser 'chrome' to base url 'None'.</msg>
<arg>browser=chrome</arg>
<arg>options=add_experimental_option("detach", True)</arg>
<doc>Opens a new browser instance to the optional ``url``.</doc>
<status status="PASS" start="2025-01-30T01:10:24.877465" elapsed="3.050643"/>
</kw>
<kw name="Maximize Browser Window" owner="SeleniumLibrary">
<doc>Maximizes current browser window.</doc>
<status status="PASS" start="2025-01-30T01:10:27.928108" elapsed="0.164990"/>
</kw>
<doc>keyword responsável por abrir o navegador escolhido</doc>
<status status="PASS" start="2025-01-30T01:10:24.874470" elapsed="3.219627"/>
</kw>
<kw name="Acessar a home page do site Amazon.com.br" owner="kws_amazon">
<kw name="Go To" owner="SeleniumLibrary">
<msg time="2025-01-30T01:10:28.104098" level="INFO">Opening url 'https://www.amazon.com.br/'</msg>
<arg>url=${URL_AMAZON}</arg>
<doc>Navigates the current browser window to the provided ``url``.</doc>
<status status="PASS" start="2025-01-30T01:10:28.103100" elapsed="11.244686"/>
</kw>
<kw name="Wait Until Element Is Visible" owner="SeleniumLibrary">
<arg>locator=${MENU_CATEGORIAS}</arg>
<doc>Waits until the element ``locator`` is visible.</doc>
<status status="PASS" start="2025-01-30T01:10:39.348789" elapsed="0.858940"/>
</kw>
<doc>keyword responsável por acessar a home page do site Amazon</doc>
<status status="PASS" start="2025-01-30T01:10:28.101103" elapsed="12.111628"/>
</kw>
<kw name="Verificar se o título da página fica &quot;Amazon.com.br | Tudo pra você, de A a Z.&quot;" owner="kws_amazon" source_name="Verificar se o título da página fica &quot;${TITULO_PAGINA}&quot;">
<kw name="Title Should Be" owner="SeleniumLibrary">
<msg time="2025-01-30T01:10:41.869148" level="INFO">Page title is 'Amazon.com.br | Tudo pra você, de A a Z.'.</msg>
<arg>title=${TITULO_PAGINA}</arg>
<doc>Verifies that the current page title equals ``title``.</doc>
<status status="PASS" start="2025-01-30T01:10:40.238728" elapsed="1.631418"/>
</kw>
<doc>keyword responsável por verificar se o título da página atual é "Eletrônicos e Tecnologia | Amazon.com.br"</doc>
<status status="PASS" start="2025-01-30T01:10:40.237729" elapsed="1.632417"/>
</kw>
<kw name="Digitar o nome de produto &quot;Xbox Series S&quot; no campo de pesquisa" owner="kws_amazon" source_name="Digitar o nome de produto &quot;${NOME_PRODUTO}&quot; no campo de pesquisa">
<kw name="Click Element" owner="SeleniumLibrary">
<msg time="2025-01-30T01:10:41.878147" level="INFO">Clicking element 'id=twotabsearchtextbox'.</msg>
<arg>id=twotabsearchtextbox</arg>
<doc>Click the element identified by ``locator``.</doc>
<status status="PASS" start="2025-01-30T01:10:41.878147" elapsed="1.344913"/>
</kw>
<kw name="Input Text" owner="SeleniumLibrary">
<msg time="2025-01-30T01:10:43.225060" level="INFO">Typing text 'Xbox Series S' into text field 'id=twotabsearchtextbox'.</msg>
<arg>id=twotabsearchtextbox</arg>
<arg>text=${NOME_PRODUTO}</arg>
<doc>Types the given ``text`` into the text field identified by ``locator``.</doc>
<status status="PASS" start="2025-01-30T01:10:43.224065" elapsed="0.759947"/>
</kw>
<doc>keyword responsável por digitar o nome do produto especificado no campo de pesquisa do site Amazon</doc>
<status status="PASS" start="2025-01-30T01:10:41.875147" elapsed="2.109864"/>
</kw>
<kw name="Clicar no botão de pesquisa" owner="kws_amazon">
<kw name="Click Element" owner="SeleniumLibrary">
<msg time="2025-01-30T01:10:43.989012" level="INFO">Clicking element 'id=nav-search-submit-button'.</msg>
<arg>id=nav-search-submit-button</arg>
<doc>Click the element identified by ``locator``.</doc>
<status status="PASS" start="2025-01-30T01:10:43.988014" elapsed="8.100479"/>
</kw>
<doc>keyword responsável por clicar no botão de pesquisa do site Amazon</doc>
<status status="PASS" start="2025-01-30T01:10:43.986013" elapsed="8.103480"/>
</kw>
<kw name="Verificar o resultado da pesquisa se está listando o produto &quot;Xbox Series S&quot;" owner="kws_amazon" source_name="Verificar o resultado da pesquisa se está listando o produto &quot;${NOME_PRODUTO}&quot;">
<kw name="Wait Until Element Is Visible" owner="SeleniumLibrary">
<arg>locator=//h2/span[text()='${NOME_PRODUTO}']</arg>
<doc>Waits until the element ``locator`` is visible.</doc>
<status status="PASS" start="2025-01-30T01:10:52.097497" elapsed="1.273916"/>
</kw>
<doc>keyword responsável por verificar se o produto pesquisado foi listado na página de resultados da pesquisa</doc>
<status status="PASS" start="2025-01-30T01:10:52.095491" elapsed="1.275922"/>
</kw>
<kw name="Fechar o navegador" owner="kws_amazon" type="TEARDOWN">
<kw name="Capture Page Screenshot" owner="SeleniumLibrary">
<msg time="2025-01-30T01:10:53.956374" level="INFO" html="true">&lt;/td&gt;&lt;/tr&gt;&lt;tr&gt;&lt;td colspan="3"&gt;&lt;a href="selenium-screenshot-22.png"&gt;&lt;img src="selenium-screenshot-22.png" width="800px"&gt;&lt;/a&gt;</msg>
<doc>Takes a screenshot of the current page and embeds it into a log file.</doc>
<status status="PASS" start="2025-01-30T01:10:53.375411" elapsed="0.581961"/>
</kw>
<kw name="Close Browser" owner="SeleniumLibrary">
<doc>Closes the current browser.</doc>
<status status="PASS" start="2025-01-30T01:10:53.958373" elapsed="3.873746"/>
</kw>
<doc>keyword responsável por fechar o navegador escolhido</doc>
<status status="PASS" start="2025-01-30T01:10:53.373411" elapsed="4.458708"/>
</kw>
<doc>Teste que verifica a busca de produto no site da Amazon e verifica se o produto pesquisado foi listado</doc>
<tag>busca_produto</tag>
<tag>CT02</tag>
<tag>lista_produto</tag>
<status status="PASS" start="2025-01-30T01:10:24.868462" elapsed="32.964661"/>
</test>
<test id="s1-s2-t3" name="Caso de Teste 03 - Adicionar Produto no Carrinho" line="33">
<kw name="Abrir o navegador" owner="kws_amazon" type="SETUP">
<kw name="Open Browser" owner="SeleniumLibrary">
<msg time="2025-01-30T01:10:57.840126" level="INFO">Opening browser 'chrome' to base url 'None'.</msg>
<arg>browser=chrome</arg>
<arg>options=add_experimental_option("detach", True)</arg>
<doc>Opens a new browser instance to the optional ``url``.</doc>
<status status="PASS" start="2025-01-30T01:10:57.839126" elapsed="3.516009"/>
</kw>
<kw name="Maximize Browser Window" owner="SeleniumLibrary">
<doc>Maximizes current browser window.</doc>
<status status="PASS" start="2025-01-30T01:11:01.356139" elapsed="0.139991"/>
</kw>
<doc>keyword responsável por abrir o navegador escolhido</doc>
<status status="PASS" start="2025-01-30T01:10:57.838127" elapsed="3.659002"/>
</kw>
<kw name="Acessar a home page do site Amazon.com.br" owner="kws_amazon">
<kw name="Go To" owner="SeleniumLibrary">
<msg time="2025-01-30T01:11:01.507129" level="INFO">Opening url 'https://www.amazon.com.br/'</msg>
<arg>url=${URL_AMAZON}</arg>
<doc>Navigates the current browser window to the provided ``url``.</doc>
<status status="PASS" start="2025-01-30T01:11:01.506128" elapsed="8.070425"/>
</kw>
<kw name="Wait Until Element Is Visible" owner="SeleniumLibrary">
<arg>locator=${MENU_CATEGORIAS}</arg>
<doc>Waits until the element ``locator`` is visible.</doc>
<status status="PASS" start="2025-01-30T01:11:09.577548" elapsed="0.663959"/>
</kw>
<doc>keyword responsável por acessar a home page do site Amazon</doc>
<status status="PASS" start="2025-01-30T01:11:01.504134" elapsed="8.737373"/>
</kw>
<kw name="Digitar o nome de produto &quot;Xbox Series S&quot; no campo de pesquisa" owner="kws_amazon" source_name="Digitar o nome de produto &quot;${NOME_PRODUTO}&quot; no campo de pesquisa">
<kw name="Click Element" owner="SeleniumLibrary">
<msg time="2025-01-30T01:11:10.247509" level="INFO">Clicking element 'id=twotabsearchtextbox'.</msg>
<arg>id=twotabsearchtextbox</arg>
<doc>Click the element identified by ``locator``.</doc>
<status status="PASS" start="2025-01-30T01:11:10.247509" elapsed="1.502903"/>
</kw>
<kw name="Input Text" owner="SeleniumLibrary">
<msg time="2025-01-30T01:11:11.751410" level="INFO">Typing text 'Xbox Series S' into text field 'id=twotabsearchtextbox'.</msg>
<arg>id=twotabsearchtextbox</arg>
<arg>text=${NOME_PRODUTO}</arg>
<doc>Types the given ``text`` into the text field identified by ``locator``.</doc>
<status status="PASS" start="2025-01-30T01:11:11.750412" elapsed="0.631959"/>
</kw>
<doc>keyword responsável por digitar o nome do produto especificado no campo de pesquisa do site Amazon</doc>
<status status="PASS" start="2025-01-30T01:11:10.245505" elapsed="2.136866"/>
</kw>
<kw name="Clicar no botão de pesquisa" owner="kws_amazon">
<kw name="Click Element" owner="SeleniumLibrary">
<msg time="2025-01-30T01:11:12.385374" level="INFO">Clicking element 'id=nav-search-submit-button'.</msg>
<arg>id=nav-search-submit-button</arg>
<doc>Click the element identified by ``locator``.</doc>
<status status="PASS" start="2025-01-30T01:11:12.385374" elapsed="1.296545"/>
</kw>
<doc>keyword responsável por clicar no botão de pesquisa do site Amazon</doc>
<status status="PASS" start="2025-01-30T01:11:12.384371" elapsed="1.298547"/>
</kw>
<kw name="Verificar o resultado da pesquisa se está listando o produto &quot;Xbox Series S&quot;" owner="kws_amazon" source_name="Verificar o resultado da pesquisa se está listando o produto &quot;${NOME_PRODUTO}&quot;">
<kw name="Wait Until Element Is Visible" owner="SeleniumLibrary">
<arg>locator=//h2/span[text()='${NOME_PRODUTO}']</arg>
<doc>Waits until the element ``locator`` is visible.</doc>
<status status="PASS" start="2025-01-30T01:11:13.685915" elapsed="4.540148"/>
</kw>
<doc>keyword responsável por verificar se o produto pesquisado foi listado na página de resultados da pesquisa</doc>
<status status="PASS" start="2025-01-30T01:11:13.684917" elapsed="4.541146"/>
</kw>
<kw name="Adicionar o produto &quot;Xbox Series S&quot; no carrinho" owner="kws_amazon" source_name="Adicionar o produto &quot;${NOME_PRODUTO}&quot; no carrinho">
<kw name="Click Element" owner="SeleniumLibrary">
<msg time="2025-01-30T01:11:18.229063" level="INFO">Clicking element '//h2/span[text()='Xbox Series S']'.</msg>
<arg>locator=//h2/span[text()='${NOME_PRODUTO}']</arg>
<doc>Click the element identified by ``locator``.</doc>
<status status="PASS" start="2025-01-30T01:11:18.228066" elapsed="8.759334"/>
</kw>
<kw name="Verificar se o título da página fica &quot;Xbox Series S : Amazon.com.br: Games e Consoles&quot;" owner="kws_amazon" source_name="Verificar se o título da página fica &quot;${TITULO_PAGINA}&quot;">
<kw name="Title Should Be" owner="SeleniumLibrary">
<msg time="2025-01-30T01:11:27.244381" level="INFO">Page title is 'Xbox Series S : Amazon.com.br: Games e Consoles'.</msg>
<arg>title=${TITULO_PAGINA}</arg>
<doc>Verifies that the current page title equals ``title``.</doc>
<status status="PASS" start="2025-01-30T01:11:26.989401" elapsed="0.255982"/>
</kw>
<doc>keyword responsável por verificar se o título da página atual é "Eletrônicos e Tecnologia | Amazon.com.br"</doc>
<status status="PASS" start="2025-01-30T01:11:26.988403" elapsed="0.256980"/>
</kw>
<kw name="Wait Until Element Is Visible" owner="SeleniumLibrary">
<arg>locator=add-to-cart-button</arg>
<doc>Waits until the element ``locator`` is visible.</doc>
<status status="PASS" start="2025-01-30T01:11:27.245383" elapsed="0.560964"/>
</kw>
<kw name="Click Element" owner="SeleniumLibrary">
<msg time="2025-01-30T01:11:27.807349" level="INFO">Clicking element 'add-to-cart-button'.</msg>
<arg>locator=add-to-cart-button</arg>
<doc>Click the element identified by ``locator``.</doc>
<status status="PASS" start="2025-01-30T01:11:27.807349" elapsed="1.671692"/>
</kw>
<kw name="Run Keyword And Return Status" owner="BuiltIn">
<kw name="Element Should Be Visible" owner="SeleniumLibrary">
<msg time="2025-01-30T01:11:29.739026" level="INFO">Element '//span[@id='attach-warranty-displayTitle' and contains(text(), 'Garantia Estendida de 12 meses')]' is displayed.</msg>
<arg>locator=${TEXTO_GARANTIA_ESTENDIDA_PRODUTO}</arg>
<doc>Verifies that the element identified by ``locator`` is visible.</doc>
<status status="PASS" start="2025-01-30T01:11:29.480043" elapsed="0.259987"/>
</kw>
<msg time="2025-01-30T01:11:29.740030" level="INFO">${STATUS} = True</msg>
<var>${STATUS}</var>
<arg>Element Should Be Visible</arg>
<arg>locator=${TEXTO_GARANTIA_ESTENDIDA_PRODUTO}</arg>
<doc>Runs the given keyword with given arguments and returns the status as a Boolean value.</doc>
<status status="PASS" start="2025-01-30T01:11:29.479041" elapsed="0.260989"/>
</kw>
<kw name="Run Keyword If" owner="BuiltIn">
<kw name="Click Element" owner="SeleniumLibrary">
<msg time="2025-01-30T01:11:29.745029" level="INFO">Clicking element '//input[@class='a-button-input' and @type='submit' and @aria-labelledby='attachSiNoCoverage-announce']'.</msg>
<arg>locator=${BTN_GARANTIA_ESTENDIDA_PRODUTO}</arg>
<doc>Click the element identified by ``locator``.</doc>
<status status="PASS" start="2025-01-30T01:11:29.743027" elapsed="1.019520"/>
</kw>
<arg>'${STATUS}' == 'True'</arg>
<arg>Click Element</arg>
<arg>locator=${BTN_GARANTIA_ESTENDIDA_PRODUTO}</arg>
<doc>Runs the given keyword with the given arguments, if ``condition`` is true.</doc>
<status status="PASS" start="2025-01-30T01:11:29.742028" elapsed="1.020519"/>
</kw>
<kw name="Wait Until Element Is Visible" owner="SeleniumLibrary">
<arg>locator=${TEXTO_ADICIONADO_CARRINHO}</arg>
<doc>Waits until the element ``locator`` is visible.</doc>
<status status="PASS" start="2025-01-30T01:11:30.763551" elapsed="3.360140"/>
</kw>
<doc>keyword responsável por adicionar o produto "Xbox Series S" no carrinho de compras</doc>
<status status="PASS" start="2025-01-30T01:11:18.227064" elapsed="15.896627"/>
</kw>
<kw name="Verificar se o produto &quot;Xbox Series S&quot; foi adicionado com sucesso" owner="kws_amazon" source_name="Verificar se o produto &quot;${NOME_PRODUTO}&quot; foi adicionado com sucesso">
<kw name="Click Element" owner="SeleniumLibrary">
<msg time="2025-01-30T01:11:34.127685" level="INFO">Clicking element '//span[@id='sw-gtc']//a'.</msg>
<arg>locator=${BTN_ADICIONAR_CARRINHO}</arg>
<doc>Click the element identified by ``locator``.</doc>
<status status="PASS" start="2025-01-30T01:11:34.126685" elapsed="3.235371"/>
</kw>
<kw name="Verificar se o título da página fica &quot;Carrinho de compras da Amazon.com&quot;" owner="kws_amazon" source_name="Verificar se o título da página fica &quot;${TITULO_PAGINA}&quot;">
<kw name="Title Should Be" owner="SeleniumLibrary">
<msg time="2025-01-30T01:11:37.601042" level="INFO">Page title is 'Carrinho de compras da Amazon.com'.</msg>
<arg>title=${TITULO_PAGINA}</arg>
<doc>Verifies that the current page title equals ``title``.</doc>
<status status="PASS" start="2025-01-30T01:11:37.365058" elapsed="0.235984"/>
</kw>
<doc>keyword responsável por verificar se o título da página atual é "Eletrônicos e Tecnologia | Amazon.com.br"</doc>
<status status="PASS" start="2025-01-30T01:11:37.363057" elapsed="0.237985"/>
</kw>
<kw name="Wait Until Element Is Visible" owner="SeleniumLibrary">
<arg>locator=//span[contains(@class, 'a-truncate-cut') and contains(text(), '${NOME_PRODUTO}')]</arg>
<doc>Waits until the element ``locator`` is visible.</doc>
<status status="PASS" start="2025-01-30T01:11:37.602039" elapsed="0.103996"/>
</kw>
<doc>keyword responsável por verificar se o produto "Xbox Series S" foi adicionado com sucesso no carrinho de compras</doc>
<status status="PASS" start="2025-01-30T01:11:34.125691" elapsed="3.580344"/>
</kw>
<kw name="Fechar o navegador" owner="kws_amazon" type="TEARDOWN">
<kw name="Capture Page Screenshot" owner="SeleniumLibrary">
<msg time="2025-01-30T01:11:37.952030" level="INFO" html="true">&lt;/td&gt;&lt;/tr&gt;&lt;tr&gt;&lt;td colspan="3"&gt;&lt;a href="selenium-screenshot-23.png"&gt;&lt;img src="selenium-screenshot-23.png" width="800px"&gt;&lt;/a&gt;</msg>
<doc>Takes a screenshot of the current page and embeds it into a log file.</doc>
<status status="PASS" start="2025-01-30T01:11:37.709036" elapsed="0.242994"/>
</kw>
<kw name="Close Browser" owner="SeleniumLibrary">
<doc>Closes the current browser.</doc>
<status status="PASS" start="2025-01-30T01:11:37.953031" elapsed="2.732448"/>
</kw>
<doc>keyword responsável por fechar o navegador escolhido</doc>
<status status="PASS" start="2025-01-30T01:11:37.708036" elapsed="2.978442"/>
</kw>
<doc>Teste que verifica a inclusão de um produto no carrinho de compras do site Amazon</doc>
<tag>adicionar_carrinho</tag>
<tag>CT03</tag>
<status status="PASS" start="2025-01-30T01:10:57.836124" elapsed="42.852950"/>
</test>
<test id="s1-s2-t4" name="Caso de Teste 04 - Remover Produto do Carrinho" line="43">
<kw name="Abrir o navegador" owner="kws_amazon" type="SETUP">
<kw name="Open Browser" owner="SeleniumLibrary">
<msg time="2025-01-30T01:11:40.715242" level="INFO">Opening browser 'chrome' to base url 'None'.</msg>
<arg>browser=chrome</arg>
<arg>options=add_experimental_option("detach", True)</arg>
<doc>Opens a new browser instance to the optional ``url``.</doc>
<status status="PASS" start="2025-01-30T01:11:40.713241" elapsed="3.750692"/>
</kw>
<kw name="Maximize Browser Window" owner="SeleniumLibrary">
<doc>Maximizes current browser window.</doc>
<status status="PASS" start="2025-01-30T01:11:44.464930" elapsed="0.105998"/>
</kw>
<doc>keyword responsável por abrir o navegador escolhido</doc>
<status status="PASS" start="2025-01-30T01:11:40.709244" elapsed="3.862686"/>
</kw>
<kw name="Acessar a home page do site Amazon.com.br" owner="kws_amazon">
<kw name="Go To" owner="SeleniumLibrary">
<msg time="2025-01-30T01:11:44.581924" level="INFO">Opening url 'https://www.amazon.com.br/'</msg>
<arg>url=${URL_AMAZON}</arg>
<doc>Navigates the current browser window to the provided ``url``.</doc>
<status status="PASS" start="2025-01-30T01:11:44.574926" elapsed="9.627319"/>
</kw>
<kw name="Wait Until Element Is Visible" owner="SeleniumLibrary">
<arg>locator=${MENU_CATEGORIAS}</arg>
<doc>Waits until the element ``locator`` is visible.</doc>
<status status="PASS" start="2025-01-30T01:11:54.203246" elapsed="0.805947"/>
</kw>
<doc>keyword responsável por acessar a home page do site Amazon</doc>
<status status="PASS" start="2025-01-30T01:11:44.572926" elapsed="10.437266"/>
</kw>
<kw name="Digitar o nome de produto &quot;Xbox Series S&quot; no campo de pesquisa" owner="kws_amazon" source_name="Digitar o nome de produto &quot;${NOME_PRODUTO}&quot; no campo de pesquisa">
<kw name="Click Element" owner="SeleniumLibrary">
<msg time="2025-01-30T01:11:55.013195" level="INFO">Clicking element 'id=twotabsearchtextbox'.</msg>
<arg>id=twotabsearchtextbox</arg>
<doc>Click the element identified by ``locator``.</doc>
<status status="PASS" start="2025-01-30T01:11:55.012192" elapsed="1.824883"/>
</kw>
<kw name="Input Text" owner="SeleniumLibrary">
<msg time="2025-01-30T01:11:56.839073" level="INFO">Typing text 'Xbox Series S' into text field 'id=twotabsearchtextbox'.</msg>
<arg>id=twotabsearchtextbox</arg>
<arg>text=${NOME_PRODUTO}</arg>
<doc>Types the given ``text`` into the text field identified by ``locator``.</doc>
<status status="PASS" start="2025-01-30T01:11:56.838075" elapsed="3.041804"/>
</kw>
<doc>keyword responsável por digitar o nome do produto especificado no campo de pesquisa do site Amazon</doc>
<status status="PASS" start="2025-01-30T01:11:55.011193" elapsed="4.868686"/>
</kw>
<kw name="Clicar no botão de pesquisa" owner="kws_amazon">
<kw name="Click Element" owner="SeleniumLibrary">
<msg time="2025-01-30T01:11:59.882878" level="INFO">Clicking element 'id=nav-search-submit-button'.</msg>
<arg>id=nav-search-submit-button</arg>
<doc>Click the element identified by ``locator``.</doc>
<status status="PASS" start="2025-01-30T01:11:59.882878" elapsed="8.582805"/>
</kw>
<doc>keyword responsável por clicar no botão de pesquisa do site Amazon</doc>
<status status="PASS" start="2025-01-30T01:11:59.881882" elapsed="8.583801"/>
</kw>
<kw name="Verificar o resultado da pesquisa se está listando o produto &quot;Xbox Series S&quot;" owner="kws_amazon" source_name="Verificar o resultado da pesquisa se está listando o produto &quot;${NOME_PRODUTO}&quot;">
<kw name="Wait Until Element Is Visible" owner="SeleniumLibrary">
<arg>locator=//h2/span[text()='${NOME_PRODUTO}']</arg>
<doc>Waits until the element ``locator`` is visible.</doc>
<status status="PASS" start="2025-01-30T01:12:08.471681" elapsed="1.039945"/>
</kw>
<doc>keyword responsável por verificar se o produto pesquisado foi listado na página de resultados da pesquisa</doc>
<status status="PASS" start="2025-01-30T01:12:08.470683" elapsed="1.041942"/>
</kw>
<kw name="Adicionar o produto &quot;Xbox Series S&quot; no carrinho" owner="kws_amazon" source_name="Adicionar o produto &quot;${NOME_PRODUTO}&quot; no carrinho">
<kw name="Click Element" owner="SeleniumLibrary">
<msg time="2025-01-30T01:12:09.516630" level="INFO">Clicking element '//h2/span[text()='Xbox Series S']'.</msg>
<arg>locator=//h2/span[text()='${NOME_PRODUTO}']</arg>
<doc>Click the element identified by ``locator``.</doc>
<status status="PASS" start="2025-01-30T01:12:09.514629" elapsed="7.987318"/>
</kw>
<kw name="Verificar se o título da página fica &quot;Xbox Series S : Amazon.com.br: Games e Consoles&quot;" owner="kws_amazon" source_name="Verificar se o título da página fica &quot;${TITULO_PAGINA}&quot;">
<kw name="Title Should Be" owner="SeleniumLibrary">
<msg time="2025-01-30T01:12:18.663873" level="INFO">Page title is 'Xbox Series S : Amazon.com.br: Games e Consoles'.</msg>
<arg>title=${TITULO_PAGINA}</arg>
<doc>Verifies that the current page title equals ``title``.</doc>
<status status="PASS" start="2025-01-30T01:12:17.503949" elapsed="1.159924"/>
</kw>
<doc>keyword responsável por verificar se o título da página atual é "Eletrônicos e Tecnologia | Amazon.com.br"</doc>
<status status="PASS" start="2025-01-30T01:12:17.502948" elapsed="1.161923"/>
</kw>
<kw name="Wait Until Element Is Visible" owner="SeleniumLibrary">
<arg>locator=add-to-cart-button</arg>
<doc>Waits until the element ``locator`` is visible.</doc>
<status status="PASS" start="2025-01-30T01:12:18.664871" elapsed="0.570852"/>
</kw>
<kw name="Click Element" owner="SeleniumLibrary">
<msg time="2025-01-30T01:12:19.237722" level="INFO">Clicking element 'add-to-cart-button'.</msg>
<arg>locator=add-to-cart-button</arg>
<doc>Click the element identified by ``locator``.</doc>
<status status="PASS" start="2025-01-30T01:12:19.236727" elapsed="1.759890"/>
</kw>
<kw name="Run Keyword And Return Status" owner="BuiltIn">
<kw name="Element Should Be Visible" owner="SeleniumLibrary">
<msg time="2025-01-30T01:12:21.150599" level="INFO">Element '//span[@id='attach-warranty-displayTitle' and contains(text(), 'Garantia Estendida de 12 meses')]' is displayed.</msg>
<arg>locator=${TEXTO_GARANTIA_ESTENDIDA_PRODUTO}</arg>
<doc>Verifies that the element identified by ``locator`` is visible.</doc>
<status status="PASS" start="2025-01-30T01:12:20.998614" elapsed="0.151985"/>
</kw>
<msg time="2025-01-30T01:12:21.150599" level="INFO">${STATUS} = True</msg>
<var>${STATUS}</var>
<arg>Element Should Be Visible</arg>
<arg>locator=${TEXTO_GARANTIA_ESTENDIDA_PRODUTO}</arg>
<doc>Runs the given keyword with given arguments and returns the status as a Boolean value.</doc>
<status status="PASS" start="2025-01-30T01:12:20.997612" elapsed="0.152987"/>
</kw>
<kw name="Run Keyword If" owner="BuiltIn">
<kw name="Click Element" owner="SeleniumLibrary">
<msg time="2025-01-30T01:12:21.153601" level="INFO">Clicking element '//input[@class='a-button-input' and @type='submit' and @aria-labelledby='attachSiNoCoverage-announce']'.</msg>
<arg>locator=${BTN_GARANTIA_ESTENDIDA_PRODUTO}</arg>
<doc>Click the element identified by ``locator``.</doc>
<status status="PASS" start="2025-01-30T01:12:21.152603" elapsed="1.032932"/>
</kw>
<arg>'${STATUS}' == 'True'</arg>
<arg>Click Element</arg>
<arg>locator=${BTN_GARANTIA_ESTENDIDA_PRODUTO}</arg>
<doc>Runs the given keyword with the given arguments, if ``condition`` is true.</doc>
<status status="PASS" start="2025-01-30T01:12:21.151602" elapsed="1.033933"/>
</kw>
<kw name="Wait Until Element Is Visible" owner="SeleniumLibrary">
<arg>locator=${TEXTO_ADICIONADO_CARRINHO}</arg>
<doc>Waits until the element ``locator`` is visible.</doc>
<status status="PASS" start="2025-01-30T01:12:22.186540" elapsed="3.697451"/>
</kw>
<doc>keyword responsável por adicionar o produto "Xbox Series S" no carrinho de compras</doc>
<status status="PASS" start="2025-01-30T01:12:09.513626" elapsed="16.370365"/>
</kw>
<kw name="Verificar se o produto &quot;Xbox Series S&quot; foi adicionado com sucesso" owner="kws_amazon" source_name="Verificar se o produto &quot;${NOME_PRODUTO}&quot; foi adicionado com sucesso">
<kw name="Click Element" owner="SeleniumLibrary">
<msg time="2025-01-30T01:12:25.888989" level="INFO">Clicking element '//span[@id='sw-gtc']//a'.</msg>
<arg>locator=${BTN_ADICIONAR_CARRINHO}</arg>
<doc>Click the element identified by ``locator``.</doc>
<status status="PASS" start="2025-01-30T01:12:25.887990" elapsed="3.129221"/>
</kw>
<kw name="Verificar se o título da página fica &quot;Carrinho de compras da Amazon.com&quot;" owner="kws_amazon" source_name="Verificar se o título da página fica &quot;${TITULO_PAGINA}&quot;">
<kw name="Title Should Be" owner="SeleniumLibrary">
<msg time="2025-01-30T01:12:29.051211" level="INFO">Page title is 'Carrinho de compras da Amazon.com'.</msg>
<arg>title=${TITULO_PAGINA}</arg>
<doc>Verifies that the current page title equals ``title``.</doc>
<status status="PASS" start="2025-01-30T01:12:29.020215" elapsed="0.030996"/>
</kw>
<doc>keyword responsável por verificar se o título da página atual é "Eletrônicos e Tecnologia | Amazon.com.br"</doc>
<status status="PASS" start="2025-01-30T01:12:29.018227" elapsed="0.033979"/>
</kw>
<kw name="Wait Until Element Is Visible" owner="SeleniumLibrary">
<arg>locator=//span[contains(@class, 'a-truncate-cut') and contains(text(), '${NOME_PRODUTO}')]</arg>
<doc>Waits until the element ``locator`` is visible.</doc>
<status status="PASS" start="2025-01-30T01:12:29.052206" elapsed="0.136995"/>
</kw>
<doc>keyword responsável por verificar se o produto "Xbox Series S" foi adicionado com sucesso no carrinho de compras</doc>
<status status="PASS" start="2025-01-30T01:12:25.885993" elapsed="3.303208"/>
</kw>
<kw name="Remover o produto &quot;Xbox Series S&quot; do carrinho" owner="kws_amazon" source_name="Remover o produto &quot;${NOME_PRODUTO}&quot; do carrinho">
<kw name="Click Element" owner="SeleniumLibrary">
<msg time="2025-01-30T01:12:29.192199" level="INFO">Clicking element '//input[@type='submit' and @value='Excluir']'.</msg>
<arg>locator=${BTN_REMOVER_CARRINHO}</arg>
<doc>Click the element identified by ``locator``.</doc>
<status status="PASS" start="2025-01-30T01:12:29.192199" elapsed="0.521967"/>
</kw>
<doc>keyword responsável por remover o produto "Xbox Series S" do carrinho de compras</doc>
<status status="PASS" start="2025-01-30T01:12:29.190200" elapsed="0.524964"/>
</kw>
<kw name="Verificar se o carrinho fica vazio" owner="kws_amazon">
<kw name="Page Should Contain Element" owner="SeleniumLibrary">
<msg time="2025-01-30T01:12:29.773163" level="INFO">Current page contains element '//span[@class='a-size-base sc-list-item-removed-msg-text-delete'][contains(., 'foi removido de Carrinho de compras')]'.</msg>
<arg>locator=${MENSAGEM_EXCLUSAO_PRODUTO}</arg>
<doc>Verifies that element ``locator`` is found on the current page.</doc>
<status status="PASS" start="2025-01-30T01:12:29.717167" elapsed="0.056995"/>
</kw>
<kw name="Reload Page" owner="SeleniumLibrary">
<doc>Simulates user reloading page.</doc>
<status status="PASS" start="2025-01-30T01:12:29.775162" elapsed="1.533600"/>
</kw>
<kw name="Wait Until Element Is Visible" owner="SeleniumLibrary">
<arg>locator=${MENSAGEM_CARRINHO_VAZIO}</arg>
<doc>Waits until the element ``locator`` is visible.</doc>
<status status="PASS" start="2025-01-30T01:12:31.309762" elapsed="0.179991"/>
</kw>
<doc>keyword responsável por verificar se o carrinho de compras está vazio</doc>
<status status="PASS" start="2025-01-30T01:12:29.716164" elapsed="1.773589"/>
</kw>
<kw name="Fechar o navegador" owner="kws_amazon" type="TEARDOWN">
<kw name="Capture Page Screenshot" owner="SeleniumLibrary">
<msg time="2025-01-30T01:12:31.738843" level="INFO" html="true">&lt;/td&gt;&lt;/tr&gt;&lt;tr&gt;&lt;td colspan="3"&gt;&lt;a href="selenium-screenshot-24.png"&gt;&lt;img src="selenium-screenshot-24.png" width="800px"&gt;&lt;/a&gt;</msg>
<doc>Takes a screenshot of the current page and embeds it into a log file.</doc>
<status status="PASS" start="2025-01-30T01:12:31.492753" elapsed="0.247095"/>
</kw>
<kw name="Close Browser" owner="SeleniumLibrary">
<doc>Closes the current browser.</doc>
<status status="PASS" start="2025-01-30T01:12:31.739848" elapsed="2.733183"/>
</kw>
<doc>keyword responsável por fechar o navegador escolhido</doc>
<status status="PASS" start="2025-01-30T01:12:31.491750" elapsed="2.982444"/>
</kw>
<doc>Esse teste verifica a remoção de um produto no carrinho de compras do site Amazon</doc>
<tag>CT04</tag>
<tag>remover_carrinho</tag>
<status status="PASS" start="2025-01-30T01:11:40.699243" elapsed="53.777785"/>
</test>
<doc>Esta suíte de testes verifica as funcionalidades do site Amazon.com.br -
Exempos de Casos de Teste Procedural
Autora:  Sthefany Albuquerque Ricardo
Data:  28/01/2025</doc>
<status status="PASS" start="2025-01-30T01:09:56.935754" elapsed="157.552276"/>
</suite>
<status status="PASS" start="2025-01-30T01:07:23.075446" elapsed="311.434580"/>
</suite>
<statistics>
<total>
<stat pass="8" fail="0" skip="0">All Tests</stat>
</total>
<tag>
<stat pass="2" fail="0" skip="0">adicionar_carrinho</stat>
<stat pass="2" fail="0" skip="0">busca_produto</stat>
<stat pass="2" fail="0" skip="0">categorias</stat>
<stat pass="2" fail="0" skip="0">CT01</stat>
<stat pass="2" fail="0" skip="0">CT02</stat>
<stat pass="2" fail="0" skip="0">CT03</stat>
<stat pass="2" fail="0" skip="0">CT04</stat>
<stat pass="2" fail="0" skip="0">lista_produto</stat>
<stat pass="2" fail="0" skip="0">menus</stat>
<stat pass="2" fail="0" skip="0">remover_carrinho</stat>
</tag>
<suite>
<stat name="Tests" id="s1" pass="8" fail="0" skip="0">Tests</stat>
<stat name="Amazon Testes Gherkin" id="s1-s1" pass="4" fail="0" skip="0">Tests.Amazon Testes Gherkin</stat>
<stat name="Amazon Testes Processuais" id="s1-s2" pass="4" fail="0" skip="0">Tests.Amazon Testes Processuais</stat>
</suite>
</statistics>
<errors>
</errors>
</robot>
